ERROR - 2022-11-08 00:08:45 --> Error connecting to the database: Error: Call to undefined function CodeIgniter\Database\SQLSRV\sqlsrv_configure() in C:\xampp\htdocs\ProyectoFinal\system\Database\SQLSRV\Connection.php:127
Stack trace:
#0 C:\xampp\htdocs\ProyectoFinal\system\Database\BaseConnection.php(382): CodeIgniter\Database\SQLSRV\Connection->connect(false)
#1 C:\xampp\htdocs\ProyectoFinal\system\Database\BaseConnection.php(561): CodeIgniter\Database\BaseConnection->initialize()
#2 C:\xampp\htdocs\ProyectoFinal\system\Database\SQLSRV\Builder.php(627): CodeIgniter\Database\BaseConnection->query('SELECT *\nFROM "...', Array, false)
#3 C:\xampp\htdocs\ProyectoFinal\system\Model.php(223): CodeIgniter\Database\SQLSRV\Builder->get()
#4 C:\xampp\htdocs\ProyectoFinal\system\BaseModel.php(585): CodeIgniter\Model->doFindAll(0, 0)
#5 C:\xampp\htdocs\ProyectoFinal\app\Models\Modelo.php(19): CodeIgniter\BaseModel->findAll()
#6 C:\xampp\htdocs\ProyectoFinal\app\Controllers\Hola.php(12): App\Models\Modelo->listarCarrera()
#7 C:\xampp\htdocs\ProyectoFinal\system\CodeIgniter.php(927): App\Controllers\Hola->index()
#8 C:\xampp\htdocs\ProyectoFinal\system\CodeIgniter.php(482): CodeIgniter\CodeIgniter->runController(Object(App\Controllers\Hola))
#9 C:\xampp\htdocs\ProyectoFinal\system\CodeIgniter.php(351): CodeIgniter\CodeIgniter->handleRequest(NULL, Object(Config\Cache), false)
#10 C:\xampp\htdocs\ProyectoFinal\public\index.php(67): CodeIgniter\CodeIgniter->run()
#11 {main}
CRITICAL - 2022-11-08 00:08:45 --> Unable to connect to the database.
Main connection [sqlsrv]: Call to undefined function CodeIgniter\Database\SQLSRV\sqlsrv_configure()
in SYSTEMPATH\Database\BaseConnection.php on line 418.
 1 SYSTEMPATH\Database\BaseConnection.php(561): CodeIgniter\Database\BaseConnection->initialize()
 2 SYSTEMPATH\Database\SQLSRV\Builder.php(627): CodeIgniter\Database\BaseConnection->query('SELECT *
FROM "proyecto"."dbo"."Carrera"', [], false)
 3 SYSTEMPATH\Model.php(223): CodeIgniter\Database\SQLSRV\Builder->get()
 4 SYSTEMPATH\BaseModel.php(585): CodeIgniter\Model->doFindAll(0, 0)
 5 APPPATH\Models\Modelo.php(19): CodeIgniter\BaseModel->findAll()
 6 APPPATH\Controllers\Hola.php(12): App\Models\Modelo->listarCarrera()
 7 SYSTEMPATH\CodeIgniter.php(927): App\Controllers\Hola->index()
 8 SYSTEMPATH\CodeIgniter.php(482): CodeIgniter\CodeIgniter->runController(Object(App\Controllers\Hola))
 9 SYSTEMPATH\CodeIgniter.php(351): CodeIgniter\CodeIgniter->handleRequest(null, Object(Config\Cache), false)
10 FCPATH\index.php(67): CodeIgniter\CodeIgniter->run()
ERROR - 2022-11-08 00:39:04 --> Error connecting to the database: Error: Call to undefined function CodeIgniter\Database\SQLSRV\sqlsrv_configure() in C:\xampp\htdocs\ProyectoFinal\system\Database\SQLSRV\Connection.php:127
Stack trace:
#0 C:\xampp\htdocs\ProyectoFinal\system\Database\BaseConnection.php(382): CodeIgniter\Database\SQLSRV\Connection->connect(false)
#1 C:\xampp\htdocs\ProyectoFinal\system\Database\BaseConnection.php(561): CodeIgniter\Database\BaseConnection->initialize()
#2 C:\xampp\htdocs\ProyectoFinal\system\Database\SQLSRV\Builder.php(627): CodeIgniter\Database\BaseConnection->query('SELECT *\nFROM "...', Array, false)
#3 C:\xampp\htdocs\ProyectoFinal\system\Model.php(223): CodeIgniter\Database\SQLSRV\Builder->get()
#4 C:\xampp\htdocs\ProyectoFinal\system\BaseModel.php(585): CodeIgniter\Model->doFindAll(0, 0)
#5 C:\xampp\htdocs\ProyectoFinal\app\Models\Modelo.php(19): CodeIgniter\BaseModel->findAll()
#6 C:\xampp\htdocs\ProyectoFinal\app\Controllers\Hola.php(12): App\Models\Modelo->listarCarrera()
#7 C:\xampp\htdocs\ProyectoFinal\system\CodeIgniter.php(927): App\Controllers\Hola->index()
#8 C:\xampp\htdocs\ProyectoFinal\system\CodeIgniter.php(482): CodeIgniter\CodeIgniter->runController(Object(App\Controllers\Hola))
#9 C:\xampp\htdocs\ProyectoFinal\system\CodeIgniter.php(351): CodeIgniter\CodeIgniter->handleRequest(NULL, Object(Config\Cache), false)
#10 C:\xampp\htdocs\ProyectoFinal\public\index.php(67): CodeIgniter\CodeIgniter->run()
#11 {main}
CRITICAL - 2022-11-08 00:39:04 --> Unable to connect to the database.
Main connection [sqlsrv]: Call to undefined function CodeIgniter\Database\SQLSRV\sqlsrv_configure()
in SYSTEMPATH\Database\BaseConnection.php on line 418.
 1 SYSTEMPATH\Database\BaseConnection.php(561): CodeIgniter\Database\BaseConnection->initialize()
 2 SYSTEMPATH\Database\SQLSRV\Builder.php(627): CodeIgniter\Database\BaseConnection->query('SELECT *
FROM "proyecto"."dbo"."Carrera"', [], false)
 3 SYSTEMPATH\Model.php(223): CodeIgniter\Database\SQLSRV\Builder->get()
 4 SYSTEMPATH\BaseModel.php(585): CodeIgniter\Model->doFindAll(0, 0)
 5 APPPATH\Models\Modelo.php(19): CodeIgniter\BaseModel->findAll()
 6 APPPATH\Controllers\Hola.php(12): App\Models\Modelo->listarCarrera()
 7 SYSTEMPATH\CodeIgniter.php(927): App\Controllers\Hola->index()
 8 SYSTEMPATH\CodeIgniter.php(482): CodeIgniter\CodeIgniter->runController(Object(App\Controllers\Hola))
 9 SYSTEMPATH\CodeIgniter.php(351): CodeIgniter\CodeIgniter->handleRequest(null, Object(Config\Cache), false)
10 FCPATH\index.php(67): CodeIgniter\CodeIgniter->run()
ERROR - 2022-11-08 01:30:08 --> Error connecting to the database: CodeIgniter\Database\Exceptions\DatabaseException: TCP Provider: No se puede establecer una conexión ya que el equipo de destino denegó expresamente dicha conexión.

Login timeout expired
A network-related or instance-specific error has occurred while establishing a connection to SQL Server. Server is not found or not accessible. Check if instance name is correct and if SQL Server is configured to allow remote connections. For more information see SQL Server Books Online. in C:\xampp\htdocs\ProyectoFinal\system\Database\SQLSRV\Connection.php:147
Stack trace:
#0 C:\xampp\htdocs\ProyectoFinal\system\Database\BaseConnection.php(382): CodeIgniter\Database\SQLSRV\Connection->connect(false)
#1 C:\xampp\htdocs\ProyectoFinal\system\Database\BaseConnection.php(561): CodeIgniter\Database\BaseConnection->initialize()
#2 C:\xampp\htdocs\ProyectoFinal\system\Database\SQLSRV\Builder.php(627): CodeIgniter\Database\BaseConnection->query('SELECT *\nFROM "...', Array, false)
#3 C:\xampp\htdocs\ProyectoFinal\system\Model.php(223): CodeIgniter\Database\SQLSRV\Builder->get()
#4 C:\xampp\htdocs\ProyectoFinal\system\BaseModel.php(585): CodeIgniter\Model->doFindAll(0, 0)
#5 C:\xampp\htdocs\ProyectoFinal\app\Models\Modelo.php(19): CodeIgniter\BaseModel->findAll()
#6 C:\xampp\htdocs\ProyectoFinal\app\Controllers\Hola.php(12): App\Models\Modelo->listarCarrera()
#7 C:\xampp\htdocs\ProyectoFinal\system\CodeIgniter.php(927): App\Controllers\Hola->index()
#8 C:\xampp\htdocs\ProyectoFinal\system\CodeIgniter.php(482): CodeIgniter\CodeIgniter->runController(Object(App\Controllers\Hola))
#9 C:\xampp\htdocs\ProyectoFinal\system\CodeIgniter.php(351): CodeIgniter\CodeIgniter->handleRequest(NULL, Object(Config\Cache), false)
#10 C:\xampp\htdocs\ProyectoFinal\public\index.php(67): CodeIgniter\CodeIgniter->run()
#11 {main}
CRITICAL - 2022-11-08 01:30:08 --> Unable to connect to the database.
Main connection [sqlsrv]: TCP Provider: No se puede establecer una conexión ya que el equipo de destino denegó expresamente dicha conexión.

Login timeout expired
A network-related or instance-specific error has occurred while establishing a connection to SQL Server. Server is not found or not accessible. Check if instance name is correct and if SQL Server is configured to allow remote connections. For more information see SQL Server Books Online.
in SYSTEMPATH\Database\BaseConnection.php on line 418.
 1 SYSTEMPATH\Database\BaseConnection.php(561): CodeIgniter\Database\BaseConnection->initialize()
 2 SYSTEMPATH\Database\SQLSRV\Builder.php(627): CodeIgniter\Database\BaseConnection->query('SELECT *
FROM "proyecto"."dbo"."Carrera"', [], false)
 3 SYSTEMPATH\Model.php(223): CodeIgniter\Database\SQLSRV\Builder->get()
 4 SYSTEMPATH\BaseModel.php(585): CodeIgniter\Model->doFindAll(0, 0)
 5 APPPATH\Models\Modelo.php(19): CodeIgniter\BaseModel->findAll()
 6 APPPATH\Controllers\Hola.php(12): App\Models\Modelo->listarCarrera()
 7 SYSTEMPATH\CodeIgniter.php(927): App\Controllers\Hola->index()
 8 SYSTEMPATH\CodeIgniter.php(482): CodeIgniter\CodeIgniter->runController(Object(App\Controllers\Hola))
 9 SYSTEMPATH\CodeIgniter.php(351): CodeIgniter\CodeIgniter->handleRequest(null, Object(Config\Cache), false)
10 FCPATH\index.php(67): CodeIgniter\CodeIgniter->run()
ERROR - 2022-11-08 01:31:34 --> Error connecting to the database: CodeIgniter\Database\Exceptions\DatabaseException: TCP Provider: No se puede establecer una conexión ya que el equipo de destino denegó expresamente dicha conexión.

Login timeout expired
A network-related or instance-specific error has occurred while establishing a connection to SQL Server. Server is not found or not accessible. Check if instance name is correct and if SQL Server is configured to allow remote connections. For more information see SQL Server Books Online. in C:\xampp\htdocs\ProyectoFinal\system\Database\SQLSRV\Connection.php:147
Stack trace:
#0 C:\xampp\htdocs\ProyectoFinal\system\Database\BaseConnection.php(382): CodeIgniter\Database\SQLSRV\Connection->connect(false)
#1 C:\xampp\htdocs\ProyectoFinal\system\Database\BaseConnection.php(561): CodeIgniter\Database\BaseConnection->initialize()
#2 C:\xampp\htdocs\ProyectoFinal\system\Database\SQLSRV\Builder.php(627): CodeIgniter\Database\BaseConnection->query('SELECT *\nFROM "...', Array, false)
#3 C:\xampp\htdocs\ProyectoFinal\system\Model.php(223): CodeIgniter\Database\SQLSRV\Builder->get()
#4 C:\xampp\htdocs\ProyectoFinal\system\BaseModel.php(585): CodeIgniter\Model->doFindAll(0, 0)
#5 C:\xampp\htdocs\ProyectoFinal\app\Models\Modelo.php(19): CodeIgniter\BaseModel->findAll()
#6 C:\xampp\htdocs\ProyectoFinal\app\Controllers\Hola.php(12): App\Models\Modelo->listarCarrera()
#7 C:\xampp\htdocs\ProyectoFinal\system\CodeIgniter.php(927): App\Controllers\Hola->index()
#8 C:\xampp\htdocs\ProyectoFinal\system\CodeIgniter.php(482): CodeIgniter\CodeIgniter->runController(Object(App\Controllers\Hola))
#9 C:\xampp\htdocs\ProyectoFinal\system\CodeIgniter.php(351): CodeIgniter\CodeIgniter->handleRequest(NULL, Object(Config\Cache), false)
#10 C:\xampp\htdocs\ProyectoFinal\public\index.php(67): CodeIgniter\CodeIgniter->run()
#11 {main}
CRITICAL - 2022-11-08 01:31:34 --> Unable to connect to the database.
Main connection [sqlsrv]: TCP Provider: No se puede establecer una conexión ya que el equipo de destino denegó expresamente dicha conexión.

Login timeout expired
A network-related or instance-specific error has occurred while establishing a connection to SQL Server. Server is not found or not accessible. Check if instance name is correct and if SQL Server is configured to allow remote connections. For more information see SQL Server Books Online.
in SYSTEMPATH\Database\BaseConnection.php on line 418.
 1 SYSTEMPATH\Database\BaseConnection.php(561): CodeIgniter\Database\BaseConnection->initialize()
 2 SYSTEMPATH\Database\SQLSRV\Builder.php(627): CodeIgniter\Database\BaseConnection->query('SELECT *
FROM "proyecto"."dbo"."Carrera"', [], false)
 3 SYSTEMPATH\Model.php(223): CodeIgniter\Database\SQLSRV\Builder->get()
 4 SYSTEMPATH\BaseModel.php(585): CodeIgniter\Model->doFindAll(0, 0)
 5 APPPATH\Models\Modelo.php(19): CodeIgniter\BaseModel->findAll()
 6 APPPATH\Controllers\Hola.php(12): App\Models\Modelo->listarCarrera()
 7 SYSTEMPATH\CodeIgniter.php(927): App\Controllers\Hola->index()
 8 SYSTEMPATH\CodeIgniter.php(482): CodeIgniter\CodeIgniter->runController(Object(App\Controllers\Hola))
 9 SYSTEMPATH\CodeIgniter.php(351): CodeIgniter\CodeIgniter->handleRequest(null, Object(Config\Cache), false)
10 FCPATH\index.php(67): CodeIgniter\CodeIgniter->run()
ERROR - 2022-11-08 01:49:20 --> Error connecting to the database: CodeIgniter\Database\Exceptions\DatabaseException: TCP Provider: No se puede establecer una conexión ya que el equipo de destino denegó expresamente dicha conexión.

Login timeout expired
A network-related or instance-specific error has occurred while establishing a connection to SQL Server. Server is not found or not accessible. Check if instance name is correct and if SQL Server is configured to allow remote connections. For more information see SQL Server Books Online. in C:\xampp\htdocs\ProyectoFinal\system\Database\SQLSRV\Connection.php:147
Stack trace:
#0 C:\xampp\htdocs\ProyectoFinal\system\Database\BaseConnection.php(382): CodeIgniter\Database\SQLSRV\Connection->connect(false)
#1 C:\xampp\htdocs\ProyectoFinal\system\Database\BaseConnection.php(561): CodeIgniter\Database\BaseConnection->initialize()
#2 C:\xampp\htdocs\ProyectoFinal\system\Database\SQLSRV\Builder.php(627): CodeIgniter\Database\BaseConnection->query('SELECT *\nFROM "...', Array, false)
#3 C:\xampp\htdocs\ProyectoFinal\system\Model.php(223): CodeIgniter\Database\SQLSRV\Builder->get()
#4 C:\xampp\htdocs\ProyectoFinal\system\BaseModel.php(585): CodeIgniter\Model->doFindAll(0, 0)
#5 C:\xampp\htdocs\ProyectoFinal\app\Models\Modelo.php(19): CodeIgniter\BaseModel->findAll()
#6 C:\xampp\htdocs\ProyectoFinal\app\Controllers\Hola.php(12): App\Models\Modelo->listarCarrera()
#7 C:\xampp\htdocs\ProyectoFinal\system\CodeIgniter.php(927): App\Controllers\Hola->index()
#8 C:\xampp\htdocs\ProyectoFinal\system\CodeIgniter.php(482): CodeIgniter\CodeIgniter->runController(Object(App\Controllers\Hola))
#9 C:\xampp\htdocs\ProyectoFinal\system\CodeIgniter.php(351): CodeIgniter\CodeIgniter->handleRequest(NULL, Object(Config\Cache), false)
#10 C:\xampp\htdocs\ProyectoFinal\public\index.php(67): CodeIgniter\CodeIgniter->run()
#11 {main}
CRITICAL - 2022-11-08 01:49:20 --> Unable to connect to the database.
Main connection [sqlsrv]: TCP Provider: No se puede establecer una conexión ya que el equipo de destino denegó expresamente dicha conexión.

Login timeout expired
A network-related or instance-specific error has occurred while establishing a connection to SQL Server. Server is not found or not accessible. Check if instance name is correct and if SQL Server is configured to allow remote connections. For more information see SQL Server Books Online.
in SYSTEMPATH\Database\BaseConnection.php on line 418.
 1 SYSTEMPATH\Database\BaseConnection.php(561): CodeIgniter\Database\BaseConnection->initialize()
 2 SYSTEMPATH\Database\SQLSRV\Builder.php(627): CodeIgniter\Database\BaseConnection->query('SELECT *
FROM "proyecto"."dbo"."Carrera"', [], false)
 3 SYSTEMPATH\Model.php(223): CodeIgniter\Database\SQLSRV\Builder->get()
 4 SYSTEMPATH\BaseModel.php(585): CodeIgniter\Model->doFindAll(0, 0)
 5 APPPATH\Models\Modelo.php(19): CodeIgniter\BaseModel->findAll()
 6 APPPATH\Controllers\Hola.php(12): App\Models\Modelo->listarCarrera()
 7 SYSTEMPATH\CodeIgniter.php(927): App\Controllers\Hola->index()
 8 SYSTEMPATH\CodeIgniter.php(482): CodeIgniter\CodeIgniter->runController(Object(App\Controllers\Hola))
 9 SYSTEMPATH\CodeIgniter.php(351): CodeIgniter\CodeIgniter->handleRequest(null, Object(Config\Cache), false)
10 FCPATH\index.php(67): CodeIgniter\CodeIgniter->run()
ERROR - 2022-11-08 01:53:48 --> Error connecting to the database: CodeIgniter\Database\Exceptions\DatabaseException: TCP Provider: No se puede establecer una conexión ya que el equipo de destino denegó expresamente dicha conexión.

Login timeout expired
A network-related or instance-specific error has occurred while establishing a connection to SQL Server. Server is not found or not accessible. Check if instance name is correct and if SQL Server is configured to allow remote connections. For more information see SQL Server Books Online. in C:\xampp\htdocs\ProyectoFinal\system\Database\SQLSRV\Connection.php:147
Stack trace:
#0 C:\xampp\htdocs\ProyectoFinal\system\Database\BaseConnection.php(382): CodeIgniter\Database\SQLSRV\Connection->connect(false)
#1 C:\xampp\htdocs\ProyectoFinal\system\Database\BaseConnection.php(561): CodeIgniter\Database\BaseConnection->initialize()
#2 C:\xampp\htdocs\ProyectoFinal\system\Database\SQLSRV\Builder.php(627): CodeIgniter\Database\BaseConnection->query('SELECT *\nFROM "...', Array, false)
#3 C:\xampp\htdocs\ProyectoFinal\system\Model.php(223): CodeIgniter\Database\SQLSRV\Builder->get()
#4 C:\xampp\htdocs\ProyectoFinal\system\BaseModel.php(585): CodeIgniter\Model->doFindAll(0, 0)
#5 C:\xampp\htdocs\ProyectoFinal\app\Models\Modelo.php(19): CodeIgniter\BaseModel->findAll()
#6 C:\xampp\htdocs\ProyectoFinal\app\Controllers\Hola.php(12): App\Models\Modelo->listarCarrera()
#7 C:\xampp\htdocs\ProyectoFinal\system\CodeIgniter.php(927): App\Controllers\Hola->index()
#8 C:\xampp\htdocs\ProyectoFinal\system\CodeIgniter.php(482): CodeIgniter\CodeIgniter->runController(Object(App\Controllers\Hola))
#9 C:\xampp\htdocs\ProyectoFinal\system\CodeIgniter.php(351): CodeIgniter\CodeIgniter->handleRequest(NULL, Object(Config\Cache), false)
#10 C:\xampp\htdocs\ProyectoFinal\public\index.php(67): CodeIgniter\CodeIgniter->run()
#11 {main}
CRITICAL - 2022-11-08 01:53:48 --> Unable to connect to the database.
Main connection [sqlsrv]: TCP Provider: No se puede establecer una conexión ya que el equipo de destino denegó expresamente dicha conexión.

Login timeout expired
A network-related or instance-specific error has occurred while establishing a connection to SQL Server. Server is not found or not accessible. Check if instance name is correct and if SQL Server is configured to allow remote connections. For more information see SQL Server Books Online.
in SYSTEMPATH\Database\BaseConnection.php on line 418.
 1 SYSTEMPATH\Database\BaseConnection.php(561): CodeIgniter\Database\BaseConnection->initialize()
 2 SYSTEMPATH\Database\SQLSRV\Builder.php(627): CodeIgniter\Database\BaseConnection->query('SELECT *
FROM "proyecto"."dbo"."Carrera"', [], false)
 3 SYSTEMPATH\Model.php(223): CodeIgniter\Database\SQLSRV\Builder->get()
 4 SYSTEMPATH\BaseModel.php(585): CodeIgniter\Model->doFindAll(0, 0)
 5 APPPATH\Models\Modelo.php(19): CodeIgniter\BaseModel->findAll()
 6 APPPATH\Controllers\Hola.php(12): App\Models\Modelo->listarCarrera()
 7 SYSTEMPATH\CodeIgniter.php(927): App\Controllers\Hola->index()
 8 SYSTEMPATH\CodeIgniter.php(482): CodeIgniter\CodeIgniter->runController(Object(App\Controllers\Hola))
 9 SYSTEMPATH\CodeIgniter.php(351): CodeIgniter\CodeIgniter->handleRequest(null, Object(Config\Cache), false)
10 FCPATH\index.php(67): CodeIgniter\CodeIgniter->run()
ERROR - 2022-11-08 01:54:52 --> Error connecting to the database: CodeIgniter\Database\Exceptions\DatabaseException: TCP Provider: No se puede establecer una conexión ya que el equipo de destino denegó expresamente dicha conexión.

Login timeout expired
A network-related or instance-specific error has occurred while establishing a connection to SQL Server. Server is not found or not accessible. Check if instance name is correct and if SQL Server is configured to allow remote connections. For more information see SQL Server Books Online. in C:\xampp\htdocs\ProyectoFinal\system\Database\SQLSRV\Connection.php:147
Stack trace:
#0 C:\xampp\htdocs\ProyectoFinal\system\Database\BaseConnection.php(382): CodeIgniter\Database\SQLSRV\Connection->connect(false)
#1 C:\xampp\htdocs\ProyectoFinal\system\Database\BaseConnection.php(561): CodeIgniter\Database\BaseConnection->initialize()
#2 C:\xampp\htdocs\ProyectoFinal\system\Database\SQLSRV\Builder.php(627): CodeIgniter\Database\BaseConnection->query('SELECT *\nFROM "...', Array, false)
#3 C:\xampp\htdocs\ProyectoFinal\system\Model.php(223): CodeIgniter\Database\SQLSRV\Builder->get()
#4 C:\xampp\htdocs\ProyectoFinal\system\BaseModel.php(585): CodeIgniter\Model->doFindAll(0, 0)
#5 C:\xampp\htdocs\ProyectoFinal\app\Models\Modelo.php(19): CodeIgniter\BaseModel->findAll()
#6 C:\xampp\htdocs\ProyectoFinal\app\Controllers\Hola.php(12): App\Models\Modelo->listarCarrera()
#7 C:\xampp\htdocs\ProyectoFinal\system\CodeIgniter.php(927): App\Controllers\Hola->index()
#8 C:\xampp\htdocs\ProyectoFinal\system\CodeIgniter.php(482): CodeIgniter\CodeIgniter->runController(Object(App\Controllers\Hola))
#9 C:\xampp\htdocs\ProyectoFinal\system\CodeIgniter.php(351): CodeIgniter\CodeIgniter->handleRequest(NULL, Object(Config\Cache), false)
#10 C:\xampp\htdocs\ProyectoFinal\public\index.php(67): CodeIgniter\CodeIgniter->run()
#11 {main}
CRITICAL - 2022-11-08 01:54:52 --> Unable to connect to the database.
Main connection [sqlsrv]: TCP Provider: No se puede establecer una conexión ya que el equipo de destino denegó expresamente dicha conexión.

Login timeout expired
A network-related or instance-specific error has occurred while establishing a connection to SQL Server. Server is not found or not accessible. Check if instance name is correct and if SQL Server is configured to allow remote connections. For more information see SQL Server Books Online.
in SYSTEMPATH\Database\BaseConnection.php on line 418.
 1 SYSTEMPATH\Database\BaseConnection.php(561): CodeIgniter\Database\BaseConnection->initialize()
 2 SYSTEMPATH\Database\SQLSRV\Builder.php(627): CodeIgniter\Database\BaseConnection->query('SELECT *
FROM "proyecto"."dbo"."Carrera"', [], false)
 3 SYSTEMPATH\Model.php(223): CodeIgniter\Database\SQLSRV\Builder->get()
 4 SYSTEMPATH\BaseModel.php(585): CodeIgniter\Model->doFindAll(0, 0)
 5 APPPATH\Models\Modelo.php(19): CodeIgniter\BaseModel->findAll()
 6 APPPATH\Controllers\Hola.php(12): App\Models\Modelo->listarCarrera()
 7 SYSTEMPATH\CodeIgniter.php(927): App\Controllers\Hola->index()
 8 SYSTEMPATH\CodeIgniter.php(482): CodeIgniter\CodeIgniter->runController(Object(App\Controllers\Hola))
 9 SYSTEMPATH\CodeIgniter.php(351): CodeIgniter\CodeIgniter->handleRequest(null, Object(Config\Cache), false)
10 FCPATH\index.php(67): CodeIgniter\CodeIgniter->run()
ERROR - 2022-11-08 02:00:34 --> Error connecting to the database: CodeIgniter\Database\Exceptions\DatabaseException: TCP Provider: No se puede establecer una conexión ya que el equipo de destino denegó expresamente dicha conexión.

Login timeout expired
A network-related or instance-specific error has occurred while establishing a connection to SQL Server. Server is not found or not accessible. Check if instance name is correct and if SQL Server is configured to allow remote connections. For more information see SQL Server Books Online. in C:\xampp\htdocs\ProyectoFinal\system\Database\SQLSRV\Connection.php:147
Stack trace:
#0 C:\xampp\htdocs\ProyectoFinal\system\Database\BaseConnection.php(382): CodeIgniter\Database\SQLSRV\Connection->connect(false)
#1 C:\xampp\htdocs\ProyectoFinal\system\Database\BaseConnection.php(561): CodeIgniter\Database\BaseConnection->initialize()
#2 C:\xampp\htdocs\ProyectoFinal\system\Database\SQLSRV\Builder.php(627): CodeIgniter\Database\BaseConnection->query('SELECT *\nFROM "...', Array, false)
#3 C:\xampp\htdocs\ProyectoFinal\system\Model.php(223): CodeIgniter\Database\SQLSRV\Builder->get()
#4 C:\xampp\htdocs\ProyectoFinal\system\BaseModel.php(585): CodeIgniter\Model->doFindAll(0, 0)
#5 C:\xampp\htdocs\ProyectoFinal\app\Models\Modelo.php(19): CodeIgniter\BaseModel->findAll()
#6 C:\xampp\htdocs\ProyectoFinal\app\Controllers\Hola.php(12): App\Models\Modelo->listarCarrera()
#7 C:\xampp\htdocs\ProyectoFinal\system\CodeIgniter.php(927): App\Controllers\Hola->index()
#8 C:\xampp\htdocs\ProyectoFinal\system\CodeIgniter.php(482): CodeIgniter\CodeIgniter->runController(Object(App\Controllers\Hola))
#9 C:\xampp\htdocs\ProyectoFinal\system\CodeIgniter.php(351): CodeIgniter\CodeIgniter->handleRequest(NULL, Object(Config\Cache), false)
#10 C:\xampp\htdocs\ProyectoFinal\public\index.php(67): CodeIgniter\CodeIgniter->run()
#11 {main}
CRITICAL - 2022-11-08 02:00:34 --> Unable to connect to the database.
Main connection [sqlsrv]: TCP Provider: No se puede establecer una conexión ya que el equipo de destino denegó expresamente dicha conexión.

Login timeout expired
A network-related or instance-specific error has occurred while establishing a connection to SQL Server. Server is not found or not accessible. Check if instance name is correct and if SQL Server is configured to allow remote connections. For more information see SQL Server Books Online.
in SYSTEMPATH\Database\BaseConnection.php on line 418.
 1 SYSTEMPATH\Database\BaseConnection.php(561): CodeIgniter\Database\BaseConnection->initialize()
 2 SYSTEMPATH\Database\SQLSRV\Builder.php(627): CodeIgniter\Database\BaseConnection->query('SELECT *
FROM "proyecto"."dbo"."Carrera"', [], false)
 3 SYSTEMPATH\Model.php(223): CodeIgniter\Database\SQLSRV\Builder->get()
 4 SYSTEMPATH\BaseModel.php(585): CodeIgniter\Model->doFindAll(0, 0)
 5 APPPATH\Models\Modelo.php(19): CodeIgniter\BaseModel->findAll()
 6 APPPATH\Controllers\Hola.php(12): App\Models\Modelo->listarCarrera()
 7 SYSTEMPATH\CodeIgniter.php(927): App\Controllers\Hola->index()
 8 SYSTEMPATH\CodeIgniter.php(482): CodeIgniter\CodeIgniter->runController(Object(App\Controllers\Hola))
 9 SYSTEMPATH\CodeIgniter.php(351): CodeIgniter\CodeIgniter->handleRequest(null, Object(Config\Cache), false)
10 FCPATH\index.php(67): CodeIgniter\CodeIgniter->run()
ERROR - 2022-11-08 02:01:36 --> Error connecting to the database: CodeIgniter\Database\Exceptions\DatabaseException: TCP Provider: No se puede establecer una conexión ya que el equipo de destino denegó expresamente dicha conexión.

Login timeout expired
A network-related or instance-specific error has occurred while establishing a connection to SQL Server. Server is not found or not accessible. Check if instance name is correct and if SQL Server is configured to allow remote connections. For more information see SQL Server Books Online. in C:\xampp\htdocs\ProyectoFinal\system\Database\SQLSRV\Connection.php:147
Stack trace:
#0 C:\xampp\htdocs\ProyectoFinal\system\Database\BaseConnection.php(382): CodeIgniter\Database\SQLSRV\Connection->connect(false)
#1 C:\xampp\htdocs\ProyectoFinal\system\Database\BaseConnection.php(561): CodeIgniter\Database\BaseConnection->initialize()
#2 C:\xampp\htdocs\ProyectoFinal\system\Database\SQLSRV\Builder.php(627): CodeIgniter\Database\BaseConnection->query('SELECT *\nFROM "...', Array, false)
#3 C:\xampp\htdocs\ProyectoFinal\system\Model.php(223): CodeIgniter\Database\SQLSRV\Builder->get()
#4 C:\xampp\htdocs\ProyectoFinal\system\BaseModel.php(585): CodeIgniter\Model->doFindAll(0, 0)
#5 C:\xampp\htdocs\ProyectoFinal\app\Models\Modelo.php(19): CodeIgniter\BaseModel->findAll()
#6 C:\xampp\htdocs\ProyectoFinal\app\Controllers\Hola.php(12): App\Models\Modelo->listarCarrera()
#7 C:\xampp\htdocs\ProyectoFinal\system\CodeIgniter.php(927): App\Controllers\Hola->index()
#8 C:\xampp\htdocs\ProyectoFinal\system\CodeIgniter.php(482): CodeIgniter\CodeIgniter->runController(Object(App\Controllers\Hola))
#9 C:\xampp\htdocs\ProyectoFinal\system\CodeIgniter.php(351): CodeIgniter\CodeIgniter->handleRequest(NULL, Object(Config\Cache), false)
#10 C:\xampp\htdocs\ProyectoFinal\public\index.php(67): CodeIgniter\CodeIgniter->run()
#11 {main}
CRITICAL - 2022-11-08 02:01:36 --> Unable to connect to the database.
Main connection [sqlsrv]: TCP Provider: No se puede establecer una conexión ya que el equipo de destino denegó expresamente dicha conexión.

Login timeout expired
A network-related or instance-specific error has occurred while establishing a connection to SQL Server. Server is not found or not accessible. Check if instance name is correct and if SQL Server is configured to allow remote connections. For more information see SQL Server Books Online.
in SYSTEMPATH\Database\BaseConnection.php on line 418.
 1 SYSTEMPATH\Database\BaseConnection.php(561): CodeIgniter\Database\BaseConnection->initialize()
 2 SYSTEMPATH\Database\SQLSRV\Builder.php(627): CodeIgniter\Database\BaseConnection->query('SELECT *
FROM "proyecto"."dbo"."Carrera"', [], false)
 3 SYSTEMPATH\Model.php(223): CodeIgniter\Database\SQLSRV\Builder->get()
 4 SYSTEMPATH\BaseModel.php(585): CodeIgniter\Model->doFindAll(0, 0)
 5 APPPATH\Models\Modelo.php(19): CodeIgniter\BaseModel->findAll()
 6 APPPATH\Controllers\Hola.php(12): App\Models\Modelo->listarCarrera()
 7 SYSTEMPATH\CodeIgniter.php(927): App\Controllers\Hola->index()
 8 SYSTEMPATH\CodeIgniter.php(482): CodeIgniter\CodeIgniter->runController(Object(App\Controllers\Hola))
 9 SYSTEMPATH\CodeIgniter.php(351): CodeIgniter\CodeIgniter->handleRequest(null, Object(Config\Cache), false)
10 FCPATH\index.php(67): CodeIgniter\CodeIgniter->run()
ERROR - 2022-11-08 02:02:45 --> Error connecting to the database: CodeIgniter\Database\Exceptions\DatabaseException: TCP Provider: No se puede establecer una conexión ya que el equipo de destino denegó expresamente dicha conexión.

Login timeout expired
A network-related or instance-specific error has occurred while establishing a connection to SQL Server. Server is not found or not accessible. Check if instance name is correct and if SQL Server is configured to allow remote connections. For more information see SQL Server Books Online. in C:\xampp\htdocs\ProyectoFinal\system\Database\SQLSRV\Connection.php:147
Stack trace:
#0 C:\xampp\htdocs\ProyectoFinal\system\Database\BaseConnection.php(382): CodeIgniter\Database\SQLSRV\Connection->connect(false)
#1 C:\xampp\htdocs\ProyectoFinal\system\Database\BaseConnection.php(561): CodeIgniter\Database\BaseConnection->initialize()
#2 C:\xampp\htdocs\ProyectoFinal\system\Database\SQLSRV\Builder.php(627): CodeIgniter\Database\BaseConnection->query('SELECT *\nFROM "...', Array, false)
#3 C:\xampp\htdocs\ProyectoFinal\system\Model.php(223): CodeIgniter\Database\SQLSRV\Builder->get()
#4 C:\xampp\htdocs\ProyectoFinal\system\BaseModel.php(585): CodeIgniter\Model->doFindAll(0, 0)
#5 C:\xampp\htdocs\ProyectoFinal\app\Models\Modelo.php(19): CodeIgniter\BaseModel->findAll()
#6 C:\xampp\htdocs\ProyectoFinal\app\Controllers\Hola.php(12): App\Models\Modelo->listarCarrera()
#7 C:\xampp\htdocs\ProyectoFinal\system\CodeIgniter.php(927): App\Controllers\Hola->index()
#8 C:\xampp\htdocs\ProyectoFinal\system\CodeIgniter.php(482): CodeIgniter\CodeIgniter->runController(Object(App\Controllers\Hola))
#9 C:\xampp\htdocs\ProyectoFinal\system\CodeIgniter.php(351): CodeIgniter\CodeIgniter->handleRequest(NULL, Object(Config\Cache), false)
#10 C:\xampp\htdocs\ProyectoFinal\public\index.php(67): CodeIgniter\CodeIgniter->run()
#11 {main}
CRITICAL - 2022-11-08 02:02:45 --> Unable to connect to the database.
Main connection [sqlsrv]: TCP Provider: No se puede establecer una conexión ya que el equipo de destino denegó expresamente dicha conexión.

Login timeout expired
A network-related or instance-specific error has occurred while establishing a connection to SQL Server. Server is not found or not accessible. Check if instance name is correct and if SQL Server is configured to allow remote connections. For more information see SQL Server Books Online.
in SYSTEMPATH\Database\BaseConnection.php on line 418.
 1 SYSTEMPATH\Database\BaseConnection.php(561): CodeIgniter\Database\BaseConnection->initialize()
 2 SYSTEMPATH\Database\SQLSRV\Builder.php(627): CodeIgniter\Database\BaseConnection->query('SELECT *
FROM "proyecto"."dbo"."Carrera"', [], false)
 3 SYSTEMPATH\Model.php(223): CodeIgniter\Database\SQLSRV\Builder->get()
 4 SYSTEMPATH\BaseModel.php(585): CodeIgniter\Model->doFindAll(0, 0)
 5 APPPATH\Models\Modelo.php(19): CodeIgniter\BaseModel->findAll()
 6 APPPATH\Controllers\Hola.php(12): App\Models\Modelo->listarCarrera()
 7 SYSTEMPATH\CodeIgniter.php(927): App\Controllers\Hola->index()
 8 SYSTEMPATH\CodeIgniter.php(482): CodeIgniter\CodeIgniter->runController(Object(App\Controllers\Hola))
 9 SYSTEMPATH\CodeIgniter.php(351): CodeIgniter\CodeIgniter->handleRequest(null, Object(Config\Cache), false)
10 FCPATH\index.php(67): CodeIgniter\CodeIgniter->run()
ERROR - 2022-11-08 02:03:13 --> Error connecting to the database: CodeIgniter\Database\Exceptions\DatabaseException: TCP Provider: No se puede establecer una conexión ya que el equipo de destino denegó expresamente dicha conexión.

Login timeout expired
A network-related or instance-specific error has occurred while establishing a connection to SQL Server. Server is not found or not accessible. Check if instance name is correct and if SQL Server is configured to allow remote connections. For more information see SQL Server Books Online. in C:\xampp\htdocs\ProyectoFinal\system\Database\SQLSRV\Connection.php:147
Stack trace:
#0 C:\xampp\htdocs\ProyectoFinal\system\Database\BaseConnection.php(382): CodeIgniter\Database\SQLSRV\Connection->connect(false)
#1 C:\xampp\htdocs\ProyectoFinal\system\Database\BaseConnection.php(561): CodeIgniter\Database\BaseConnection->initialize()
#2 C:\xampp\htdocs\ProyectoFinal\system\Database\SQLSRV\Builder.php(627): CodeIgniter\Database\BaseConnection->query('SELECT *\nFROM "...', Array, false)
#3 C:\xampp\htdocs\ProyectoFinal\system\Model.php(223): CodeIgniter\Database\SQLSRV\Builder->get()
#4 C:\xampp\htdocs\ProyectoFinal\system\BaseModel.php(585): CodeIgniter\Model->doFindAll(0, 0)
#5 C:\xampp\htdocs\ProyectoFinal\app\Models\Modelo.php(19): CodeIgniter\BaseModel->findAll()
#6 C:\xampp\htdocs\ProyectoFinal\app\Controllers\Hola.php(12): App\Models\Modelo->listarCarrera()
#7 C:\xampp\htdocs\ProyectoFinal\system\CodeIgniter.php(927): App\Controllers\Hola->index()
#8 C:\xampp\htdocs\ProyectoFinal\system\CodeIgniter.php(482): CodeIgniter\CodeIgniter->runController(Object(App\Controllers\Hola))
#9 C:\xampp\htdocs\ProyectoFinal\system\CodeIgniter.php(351): CodeIgniter\CodeIgniter->handleRequest(NULL, Object(Config\Cache), false)
#10 C:\xampp\htdocs\ProyectoFinal\public\index.php(67): CodeIgniter\CodeIgniter->run()
#11 {main}
CRITICAL - 2022-11-08 02:03:13 --> Unable to connect to the database.
Main connection [sqlsrv]: TCP Provider: No se puede establecer una conexión ya que el equipo de destino denegó expresamente dicha conexión.

Login timeout expired
A network-related or instance-specific error has occurred while establishing a connection to SQL Server. Server is not found or not accessible. Check if instance name is correct and if SQL Server is configured to allow remote connections. For more information see SQL Server Books Online.
in SYSTEMPATH\Database\BaseConnection.php on line 418.
 1 SYSTEMPATH\Database\BaseConnection.php(561): CodeIgniter\Database\BaseConnection->initialize()
 2 SYSTEMPATH\Database\SQLSRV\Builder.php(627): CodeIgniter\Database\BaseConnection->query('SELECT *
FROM "proyecto"."dbo"."Carrera"', [], false)
 3 SYSTEMPATH\Model.php(223): CodeIgniter\Database\SQLSRV\Builder->get()
 4 SYSTEMPATH\BaseModel.php(585): CodeIgniter\Model->doFindAll(0, 0)
 5 APPPATH\Models\Modelo.php(19): CodeIgniter\BaseModel->findAll()
 6 APPPATH\Controllers\Hola.php(12): App\Models\Modelo->listarCarrera()
 7 SYSTEMPATH\CodeIgniter.php(927): App\Controllers\Hola->index()
 8 SYSTEMPATH\CodeIgniter.php(482): CodeIgniter\CodeIgniter->runController(Object(App\Controllers\Hola))
 9 SYSTEMPATH\CodeIgniter.php(351): CodeIgniter\CodeIgniter->handleRequest(null, Object(Config\Cache), false)
10 FCPATH\index.php(67): CodeIgniter\CodeIgniter->run()
ERROR - 2022-11-08 02:10:58 --> Error connecting to the database: CodeIgniter\Database\Exceptions\DatabaseException: . 
Login timeout expired
A network-related or instance-specific error has occurred while establishing a connection to SQL Server. Server is not found or not accessible. Check if instance name is correct and if SQL Server is configured to allow remote connections. For more information see SQL Server Books Online. in C:\xampp\htdocs\ProyectoFinal\system\Database\SQLSRV\Connection.php:147
Stack trace:
#0 C:\xampp\htdocs\ProyectoFinal\system\Database\BaseConnection.php(382): CodeIgniter\Database\SQLSRV\Connection->connect(false)
#1 C:\xampp\htdocs\ProyectoFinal\system\Database\BaseConnection.php(561): CodeIgniter\Database\BaseConnection->initialize()
#2 C:\xampp\htdocs\ProyectoFinal\system\Database\SQLSRV\Builder.php(627): CodeIgniter\Database\BaseConnection->query('SELECT *\nFROM "...', Array, false)
#3 C:\xampp\htdocs\ProyectoFinal\system\Model.php(223): CodeIgniter\Database\SQLSRV\Builder->get()
#4 C:\xampp\htdocs\ProyectoFinal\system\BaseModel.php(585): CodeIgniter\Model->doFindAll(0, 0)
#5 C:\xampp\htdocs\ProyectoFinal\app\Models\Modelo.php(19): CodeIgniter\BaseModel->findAll()
#6 C:\xampp\htdocs\ProyectoFinal\app\Controllers\Hola.php(12): App\Models\Modelo->listarCarrera()
#7 C:\xampp\htdocs\ProyectoFinal\system\CodeIgniter.php(927): App\Controllers\Hola->index()
#8 C:\xampp\htdocs\ProyectoFinal\system\CodeIgniter.php(482): CodeIgniter\CodeIgniter->runController(Object(App\Controllers\Hola))
#9 C:\xampp\htdocs\ProyectoFinal\system\CodeIgniter.php(351): CodeIgniter\CodeIgniter->handleRequest(NULL, Object(Config\Cache), false)
#10 C:\xampp\htdocs\ProyectoFinal\public\index.php(67): CodeIgniter\CodeIgniter->run()
#11 {main}
CRITICAL - 2022-11-08 02:10:58 --> Unable to connect to the database.
Main connection [sqlsrv]: . 
Login timeout expired
A network-related or instance-specific error has occurred while establishing a connection to SQL Server. Server is not found or not accessible. Check if instance name is correct and if SQL Server is configured to allow remote connections. For more information see SQL Server Books Online.
in SYSTEMPATH\Database\BaseConnection.php on line 418.
 1 SYSTEMPATH\Database\BaseConnection.php(561): CodeIgniter\Database\BaseConnection->initialize()
 2 SYSTEMPATH\Database\SQLSRV\Builder.php(627): CodeIgniter\Database\BaseConnection->query('SELECT *
FROM "proyecto"."dbo"."Carrera"', [], false)
 3 SYSTEMPATH\Model.php(223): CodeIgniter\Database\SQLSRV\Builder->get()
 4 SYSTEMPATH\BaseModel.php(585): CodeIgniter\Model->doFindAll(0, 0)
 5 APPPATH\Models\Modelo.php(19): CodeIgniter\BaseModel->findAll()
 6 APPPATH\Controllers\Hola.php(12): App\Models\Modelo->listarCarrera()
 7 SYSTEMPATH\CodeIgniter.php(927): App\Controllers\Hola->index()
 8 SYSTEMPATH\CodeIgniter.php(482): CodeIgniter\CodeIgniter->runController(Object(App\Controllers\Hola))
 9 SYSTEMPATH\CodeIgniter.php(351): CodeIgniter\CodeIgniter->handleRequest(null, Object(Config\Cache), false)
10 FCPATH\index.php(67): CodeIgniter\CodeIgniter->run()
ERROR - 2022-11-08 02:11:53 --> Error connecting to the database: CodeIgniter\Database\Exceptions\DatabaseException: . 
Login timeout expired
A network-related or instance-specific error has occurred while establishing a connection to SQL Server. Server is not found or not accessible. Check if instance name is correct and if SQL Server is configured to allow remote connections. For more information see SQL Server Books Online. in C:\xampp\htdocs\ProyectoFinal\system\Database\SQLSRV\Connection.php:147
Stack trace:
#0 C:\xampp\htdocs\ProyectoFinal\system\Database\BaseConnection.php(382): CodeIgniter\Database\SQLSRV\Connection->connect(false)
#1 C:\xampp\htdocs\ProyectoFinal\system\Database\BaseConnection.php(561): CodeIgniter\Database\BaseConnection->initialize()
#2 C:\xampp\htdocs\ProyectoFinal\system\Database\SQLSRV\Builder.php(627): CodeIgniter\Database\BaseConnection->query('SELECT *\nFROM "...', Array, false)
#3 C:\xampp\htdocs\ProyectoFinal\system\Model.php(223): CodeIgniter\Database\SQLSRV\Builder->get()
#4 C:\xampp\htdocs\ProyectoFinal\system\BaseModel.php(585): CodeIgniter\Model->doFindAll(0, 0)
#5 C:\xampp\htdocs\ProyectoFinal\app\Models\Modelo.php(19): CodeIgniter\BaseModel->findAll()
#6 C:\xampp\htdocs\ProyectoFinal\app\Controllers\Hola.php(12): App\Models\Modelo->listarCarrera()
#7 C:\xampp\htdocs\ProyectoFinal\system\CodeIgniter.php(927): App\Controllers\Hola->index()
#8 C:\xampp\htdocs\ProyectoFinal\system\CodeIgniter.php(482): CodeIgniter\CodeIgniter->runController(Object(App\Controllers\Hola))
#9 C:\xampp\htdocs\ProyectoFinal\system\CodeIgniter.php(351): CodeIgniter\CodeIgniter->handleRequest(NULL, Object(Config\Cache), false)
#10 C:\xampp\htdocs\ProyectoFinal\public\index.php(67): CodeIgniter\CodeIgniter->run()
#11 {main}
CRITICAL - 2022-11-08 02:11:53 --> Unable to connect to the database.
Main connection [sqlsrv]: . 
Login timeout expired
A network-related or instance-specific error has occurred while establishing a connection to SQL Server. Server is not found or not accessible. Check if instance name is correct and if SQL Server is configured to allow remote connections. For more information see SQL Server Books Online.
in SYSTEMPATH\Database\BaseConnection.php on line 418.
 1 SYSTEMPATH\Database\BaseConnection.php(561): CodeIgniter\Database\BaseConnection->initialize()
 2 SYSTEMPATH\Database\SQLSRV\Builder.php(627): CodeIgniter\Database\BaseConnection->query('SELECT *
FROM "proyecto"."dbo"."Carrera"', [], false)
 3 SYSTEMPATH\Model.php(223): CodeIgniter\Database\SQLSRV\Builder->get()
 4 SYSTEMPATH\BaseModel.php(585): CodeIgniter\Model->doFindAll(0, 0)
 5 APPPATH\Models\Modelo.php(19): CodeIgniter\BaseModel->findAll()
 6 APPPATH\Controllers\Hola.php(12): App\Models\Modelo->listarCarrera()
 7 SYSTEMPATH\CodeIgniter.php(927): App\Controllers\Hola->index()
 8 SYSTEMPATH\CodeIgniter.php(482): CodeIgniter\CodeIgniter->runController(Object(App\Controllers\Hola))
 9 SYSTEMPATH\CodeIgniter.php(351): CodeIgniter\CodeIgniter->handleRequest(null, Object(Config\Cache), false)
10 FCPATH\index.php(67): CodeIgniter\CodeIgniter->run()
ERROR - 2022-11-08 02:12:53 --> Error connecting to the database: CodeIgniter\Database\Exceptions\DatabaseException: . 
Login timeout expired
A network-related or instance-specific error has occurred while establishing a connection to SQL Server. Server is not found or not accessible. Check if instance name is correct and if SQL Server is configured to allow remote connections. For more information see SQL Server Books Online. in C:\xampp\htdocs\ProyectoFinal\system\Database\SQLSRV\Connection.php:147
Stack trace:
#0 C:\xampp\htdocs\ProyectoFinal\system\Database\BaseConnection.php(382): CodeIgniter\Database\SQLSRV\Connection->connect(false)
#1 C:\xampp\htdocs\ProyectoFinal\system\Database\BaseConnection.php(561): CodeIgniter\Database\BaseConnection->initialize()
#2 C:\xampp\htdocs\ProyectoFinal\system\Database\SQLSRV\Builder.php(627): CodeIgniter\Database\BaseConnection->query('SELECT *\nFROM "...', Array, false)
#3 C:\xampp\htdocs\ProyectoFinal\system\Model.php(223): CodeIgniter\Database\SQLSRV\Builder->get()
#4 C:\xampp\htdocs\ProyectoFinal\system\BaseModel.php(585): CodeIgniter\Model->doFindAll(0, 0)
#5 C:\xampp\htdocs\ProyectoFinal\app\Models\Modelo.php(19): CodeIgniter\BaseModel->findAll()
#6 C:\xampp\htdocs\ProyectoFinal\app\Controllers\Hola.php(12): App\Models\Modelo->listarCarrera()
#7 C:\xampp\htdocs\ProyectoFinal\system\CodeIgniter.php(927): App\Controllers\Hola->index()
#8 C:\xampp\htdocs\ProyectoFinal\system\CodeIgniter.php(482): CodeIgniter\CodeIgniter->runController(Object(App\Controllers\Hola))
#9 C:\xampp\htdocs\ProyectoFinal\system\CodeIgniter.php(351): CodeIgniter\CodeIgniter->handleRequest(NULL, Object(Config\Cache), false)
#10 C:\xampp\htdocs\ProyectoFinal\public\index.php(67): CodeIgniter\CodeIgniter->run()
#11 {main}
CRITICAL - 2022-11-08 02:12:53 --> Unable to connect to the database.
Main connection [sqlsrv]: . 
Login timeout expired
A network-related or instance-specific error has occurred while establishing a connection to SQL Server. Server is not found or not accessible. Check if instance name is correct and if SQL Server is configured to allow remote connections. For more information see SQL Server Books Online.
in SYSTEMPATH\Database\BaseConnection.php on line 418.
 1 SYSTEMPATH\Database\BaseConnection.php(561): CodeIgniter\Database\BaseConnection->initialize()
 2 SYSTEMPATH\Database\SQLSRV\Builder.php(627): CodeIgniter\Database\BaseConnection->query('SELECT *
FROM "proyecto"."dbo"."Carrera"', [], false)
 3 SYSTEMPATH\Model.php(223): CodeIgniter\Database\SQLSRV\Builder->get()
 4 SYSTEMPATH\BaseModel.php(585): CodeIgniter\Model->doFindAll(0, 0)
 5 APPPATH\Models\Modelo.php(19): CodeIgniter\BaseModel->findAll()
 6 APPPATH\Controllers\Hola.php(12): App\Models\Modelo->listarCarrera()
 7 SYSTEMPATH\CodeIgniter.php(927): App\Controllers\Hola->index()
 8 SYSTEMPATH\CodeIgniter.php(482): CodeIgniter\CodeIgniter->runController(Object(App\Controllers\Hola))
 9 SYSTEMPATH\CodeIgniter.php(351): CodeIgniter\CodeIgniter->handleRequest(null, Object(Config\Cache), false)
10 FCPATH\index.php(67): CodeIgniter\CodeIgniter->run()
ERROR - 2022-11-08 02:13:27 --> Error connecting to the database: CodeIgniter\Database\Exceptions\DatabaseException: TCP Provider: No se puede establecer una conexión ya que el equipo de destino denegó expresamente dicha conexión.

Login timeout expired
A network-related or instance-specific error has occurred while establishing a connection to SQL Server. Server is not found or not accessible. Check if instance name is correct and if SQL Server is configured to allow remote connections. For more information see SQL Server Books Online. in C:\xampp\htdocs\ProyectoFinal\system\Database\SQLSRV\Connection.php:147
Stack trace:
#0 C:\xampp\htdocs\ProyectoFinal\system\Database\BaseConnection.php(382): CodeIgniter\Database\SQLSRV\Connection->connect(false)
#1 C:\xampp\htdocs\ProyectoFinal\system\Database\BaseConnection.php(561): CodeIgniter\Database\BaseConnection->initialize()
#2 C:\xampp\htdocs\ProyectoFinal\system\Database\SQLSRV\Builder.php(627): CodeIgniter\Database\BaseConnection->query('SELECT *\nFROM "...', Array, false)
#3 C:\xampp\htdocs\ProyectoFinal\system\Model.php(223): CodeIgniter\Database\SQLSRV\Builder->get()
#4 C:\xampp\htdocs\ProyectoFinal\system\BaseModel.php(585): CodeIgniter\Model->doFindAll(0, 0)
#5 C:\xampp\htdocs\ProyectoFinal\app\Models\Modelo.php(19): CodeIgniter\BaseModel->findAll()
#6 C:\xampp\htdocs\ProyectoFinal\app\Controllers\Hola.php(12): App\Models\Modelo->listarCarrera()
#7 C:\xampp\htdocs\ProyectoFinal\system\CodeIgniter.php(927): App\Controllers\Hola->index()
#8 C:\xampp\htdocs\ProyectoFinal\system\CodeIgniter.php(482): CodeIgniter\CodeIgniter->runController(Object(App\Controllers\Hola))
#9 C:\xampp\htdocs\ProyectoFinal\system\CodeIgniter.php(351): CodeIgniter\CodeIgniter->handleRequest(NULL, Object(Config\Cache), false)
#10 C:\xampp\htdocs\ProyectoFinal\public\index.php(67): CodeIgniter\CodeIgniter->run()
#11 {main}
CRITICAL - 2022-11-08 02:13:27 --> Unable to connect to the database.
Main connection [sqlsrv]: TCP Provider: No se puede establecer una conexión ya que el equipo de destino denegó expresamente dicha conexión.

Login timeout expired
A network-related or instance-specific error has occurred while establishing a connection to SQL Server. Server is not found or not accessible. Check if instance name is correct and if SQL Server is configured to allow remote connections. For more information see SQL Server Books Online.
in SYSTEMPATH\Database\BaseConnection.php on line 418.
 1 SYSTEMPATH\Database\BaseConnection.php(561): CodeIgniter\Database\BaseConnection->initialize()
 2 SYSTEMPATH\Database\SQLSRV\Builder.php(627): CodeIgniter\Database\BaseConnection->query('SELECT *
FROM "proyecto"."dbo"."Carrera"', [], false)
 3 SYSTEMPATH\Model.php(223): CodeIgniter\Database\SQLSRV\Builder->get()
 4 SYSTEMPATH\BaseModel.php(585): CodeIgniter\Model->doFindAll(0, 0)
 5 APPPATH\Models\Modelo.php(19): CodeIgniter\BaseModel->findAll()
 6 APPPATH\Controllers\Hola.php(12): App\Models\Modelo->listarCarrera()
 7 SYSTEMPATH\CodeIgniter.php(927): App\Controllers\Hola->index()
 8 SYSTEMPATH\CodeIgniter.php(482): CodeIgniter\CodeIgniter->runController(Object(App\Controllers\Hola))
 9 SYSTEMPATH\CodeIgniter.php(351): CodeIgniter\CodeIgniter->handleRequest(null, Object(Config\Cache), false)
10 FCPATH\index.php(67): CodeIgniter\CodeIgniter->run()
