CRITICAL - 2022-12-04 18:30:29 --> Undefined array key "email"
in APPPATH\Controllers\Empleados.php on line 101.
 1 APPPATH\Controllers\Empleados.php(101): CodeIgniter\Debug\Exceptions->errorHandler(2, 'Undefined array key "email"', 'APPPATH\\Controllers\\Empleados.php', 101)
 2 SYSTEMPATH\CodeIgniter.php(927): App\Controllers\Empleados->getValidation()
 3 SYSTEMPATH\CodeIgniter.php(482): CodeIgniter\CodeIgniter->runController(Object(App\Controllers\Empleados))
 4 SYSTEMPATH\CodeIgniter.php(351): CodeIgniter\CodeIgniter->handleRequest(null, Object(Config\Cache), false)
 5 FCPATH\index.php(67): CodeIgniter\CodeIgniter->run()
CRITICAL - 2022-12-04 19:03:56 --> syntax error, unexpected token "}", expecting "," or ";"
in APPPATH\Controllers\Empleados.php on line 116.
 1 SYSTEMPATH\Autoloader\Autoloader.php(259): CodeIgniter\Autoloader\Autoloader->includeFile('APPPATH\\Controllers\\Empleados.php')
 2 SYSTEMPATH\Autoloader\Autoloader.php(237): CodeIgniter\Autoloader\Autoloader->loadInNamespace('App\\Controllers\\Empleados')
 3 [internal function]: CodeIgniter\Autoloader\Autoloader->loadClass('App\\Controllers\\Empleados')
 4 SYSTEMPATH\Router\AutoRouterImproved.php(264): class_exists('App\\Controllers\\Empleados')
 5 SYSTEMPATH\Router\AutoRouterImproved.php(115): CodeIgniter\Router\AutoRouterImproved->scanControllers([...])
 6 SYSTEMPATH\Router\Router.php(499): CodeIgniter\Router\AutoRouterImproved->getRoute('Empleados/validation')
 7 SYSTEMPATH\Router\Router.php(205): CodeIgniter\Router\Router->autoRoute('Empleados/validation')
 8 SYSTEMPATH\CodeIgniter.php(802): CodeIgniter\Router\Router->handle('Empleados/validation')
 9 SYSTEMPATH\CodeIgniter.php(430): CodeIgniter\CodeIgniter->tryToRouteIt(Object(CodeIgniter\Router\RouteCollection))
10 SYSTEMPATH\CodeIgniter.php(351): CodeIgniter\CodeIgniter->handleRequest(null, Object(Config\Cache), false)
11 FCPATH\index.php(67): CodeIgniter\CodeIgniter->run()
