<<<<<<< HEAD
ERROR - 2022-12-05 18:09:14 --> Error connecting to the database: CodeIgniter\Database\Exceptions\DatabaseException: TCP Provider: Host desconocido.

Login timeout expired
A network-related or instance-specific error has occurred while establishing a connection to SQL Server. Server is not found or not accessible. Check if instance name is correct and if SQL Server is configured to allow remote connections. For more information see SQL Server Books Online. in C:\xampp\htdocs\ProyectoFinal\system\Database\SQLSRV\Connection.php:147
Stack trace:
#0 C:\xampp\htdocs\ProyectoFinal\system\Database\BaseConnection.php(382): CodeIgniter\Database\SQLSRV\Connection->connect(false)
#1 C:\xampp\htdocs\ProyectoFinal\system\Database\BaseConnection.php(561): CodeIgniter\Database\BaseConnection->initialize()
#2 C:\xampp\htdocs\ProyectoFinal\app\Models\CarreraModel.php(26): CodeIgniter\Database\BaseConnection->query('SELECT c.id_car...')
#3 C:\xampp\htdocs\ProyectoFinal\app\Controllers\CarreraController.php(15): App\Models\CarreraModel->mostrarCarrera()
#4 C:\xampp\htdocs\ProyectoFinal\system\CodeIgniter.php(927): App\Controllers\CarreraController->getDataCarrera()
#5 C:\xampp\htdocs\ProyectoFinal\system\CodeIgniter.php(482): CodeIgniter\CodeIgniter->runController(Object(App\Controllers\CarreraController))
#6 C:\xampp\htdocs\ProyectoFinal\system\CodeIgniter.php(351): CodeIgniter\CodeIgniter->handleRequest(NULL, Object(Config\Cache), false)
#7 C:\xampp\htdocs\ProyectoFinal\public\index.php(67): CodeIgniter\CodeIgniter->run()
#8 {main}
CRITICAL - 2022-12-05 18:09:14 --> Unable to connect to the database.
Main connection [sqlsrv]: TCP Provider: Host desconocido.

Login timeout expired
A network-related or instance-specific error has occurred while establishing a connection to SQL Server. Server is not found or not accessible. Check if instance name is correct and if SQL Server is configured to allow remote connections. For more information see SQL Server Books Online.
in SYSTEMPATH\Database\BaseConnection.php on line 418.
 1 SYSTEMPATH\Database\BaseConnection.php(561): CodeIgniter\Database\BaseConnection->initialize()
 2 APPPATH\Models\CarreraModel.php(26): CodeIgniter\Database\BaseConnection->query('SELECT c.id_carrera, f.id_facultad, c.descripcion,f.descripcionf from carrera c
            inner join Facultad f on c.id_facultad = f.id_facultad')
 3 APPPATH\Controllers\CarreraController.php(15): App\Models\CarreraModel->mostrarCarrera()
 4 SYSTEMPATH\CodeIgniter.php(927): App\Controllers\CarreraController->getDataCarrera()
 5 SYSTEMPATH\CodeIgniter.php(482): CodeIgniter\CodeIgniter->runController(Object(App\Controllers\CarreraController))
 6 SYSTEMPATH\CodeIgniter.php(351): CodeIgniter\CodeIgniter->handleRequest(null, Object(Config\Cache), false)
 7 FCPATH\index.php(67): CodeIgniter\CodeIgniter->run()
ERROR - 2022-12-05 18:12:35 --> [Microsoft][ODBC Driver 17 for SQL Server][SQL Server]The DELETE statement conflicted with the REFERENCE constraint "FK__inter_Emp__id_em__440B1D61". The conflict occurred in database "Sistema", table "dbo.inter_Empleado_Cargo", column 'id_empleado'.
CRITICAL - 2022-12-05 18:12:35 --> [Microsoft][ODBC Driver 17 for SQL Server][SQL Server]The DELETE statement conflicted with the REFERENCE constraint "FK__inter_Emp__id_em__440B1D61". The conflict occurred in database "Sistema", table "dbo.inter_Empleado_Cargo", column 'id_empleado'.
=======
ERROR - 2022-12-05 18:13:27 --> [Microsoft][ODBC Driver 17 for SQL Server][SQL Server]The DELETE statement conflicted with the REFERENCE constraint "FK__inter_Emp__id_em__440B1D61". The conflict occurred in database "Sistema", table "dbo.inter_Empleado_Cargo", column 'id_empleado'.
CRITICAL - 2022-12-05 18:13:27 --> [Microsoft][ODBC Driver 17 for SQL Server][SQL Server]The DELETE statement conflicted with the REFERENCE constraint "FK__inter_Emp__id_em__440B1D61". The conflict occurred in database "Sistema", table "dbo.inter_Empleado_Cargo", column 'id_empleado'.
>>>>>>> 03d25ea7e43827b60bc4819108d2613fe3b09a49
in SYSTEMPATH\Database\SQLSRV\Connection.php on line 467.
 1 SYSTEMPATH\Database\BaseConnection.php(666): CodeIgniter\Database\SQLSRV\Connection->execute('DELETE FROM "Sistema"."dbo"."Empleado"
WHERE "id_empleado" IN (\'10\')')
 2 SYSTEMPATH\Database\BaseConnection.php(593): CodeIgniter\Database\BaseConnection->simpleQuery('DELETE FROM "Sistema"."dbo"."Empleado"
WHERE "id_empleado" IN (\'10\')')
 3 SYSTEMPATH\Database\SQLSRV\Builder.php(552): CodeIgniter\Database\BaseConnection->query('DELETE FROM "Sistema"."dbo"."Empleado"
WHERE "id_empleado" IN :id_empleado:', [...], false)
 4 SYSTEMPATH\Model.php(401): CodeIgniter\Database\SQLSRV\Builder->delete()
 5 SYSTEMPATH\BaseModel.php(984): CodeIgniter\Model->doDelete([...], false)
 6 APPPATH\Controllers\Empleados.php(60): CodeIgniter\BaseModel->delete([...])
 7 SYSTEMPATH\CodeIgniter.php(927): App\Controllers\Empleados->getdelete('10')
 8 SYSTEMPATH\CodeIgniter.php(482): CodeIgniter\CodeIgniter->runController(Object(App\Controllers\Empleados))
 9 SYSTEMPATH\CodeIgniter.php(351): CodeIgniter\CodeIgniter->handleRequest(null, Object(Config\Cache), false)
10 FCPATH\index.php(67): CodeIgniter\CodeIgniter->run()
<<<<<<< HEAD
ERROR - 2022-12-05 18:12:47 --> [Microsoft][ODBC Driver 17 for SQL Server][SQL Server]The DELETE statement conflicted with the REFERENCE constraint "FK__inter_Emp__id_em__440B1D61". The conflict occurred in database "Sistema", table "dbo.inter_Empleado_Cargo", column 'id_empleado'.
CRITICAL - 2022-12-05 18:12:47 --> [Microsoft][ODBC Driver 17 for SQL Server][SQL Server]The DELETE statement conflicted with the REFERENCE constraint "FK__inter_Emp__id_em__440B1D61". The conflict occurred in database "Sistema", table "dbo.inter_Empleado_Cargo", column 'id_empleado'.
in SYSTEMPATH\Database\SQLSRV\Connection.php on line 467.
 1 SYSTEMPATH\Database\BaseConnection.php(666): CodeIgniter\Database\SQLSRV\Connection->execute('DELETE FROM "Sistema"."dbo"."Empleado"
WHERE "id_empleado" IN (\'10\')')
 2 SYSTEMPATH\Database\BaseConnection.php(593): CodeIgniter\Database\BaseConnection->simpleQuery('DELETE FROM "Sistema"."dbo"."Empleado"
WHERE "id_empleado" IN (\'10\')')
 3 SYSTEMPATH\Database\SQLSRV\Builder.php(552): CodeIgniter\Database\BaseConnection->query('DELETE FROM "Sistema"."dbo"."Empleado"
WHERE "id_empleado" IN :id_empleado:', [...], false)
 4 SYSTEMPATH\Model.php(401): CodeIgniter\Database\SQLSRV\Builder->delete()
 5 SYSTEMPATH\BaseModel.php(984): CodeIgniter\Model->doDelete([...], false)
 6 APPPATH\Controllers\Empleados.php(60): CodeIgniter\BaseModel->delete([...])
 7 SYSTEMPATH\CodeIgniter.php(927): App\Controllers\Empleados->getdelete('10')
 8 SYSTEMPATH\CodeIgniter.php(482): CodeIgniter\CodeIgniter->runController(Object(App\Controllers\Empleados))
 9 SYSTEMPATH\CodeIgniter.php(351): CodeIgniter\CodeIgniter->handleRequest(null, Object(Config\Cache), false)
10 FCPATH\index.php(67): CodeIgniter\CodeIgniter->run()
ERROR - 2022-12-05 18:14:39 --> [Microsoft][ODBC Driver 17 for SQL Server][SQL Server]The DELETE statement conflicted with the REFERENCE constraint "FK__Inter_Car__id_ma__46E78A0C". The conflict occurred in database "Sistema", table "dbo.Inter_CargaAcademica_Materia", column 'id_materia'.
CRITICAL - 2022-12-05 18:14:39 --> [Microsoft][ODBC Driver 17 for SQL Server][SQL Server]The DELETE statement conflicted with the REFERENCE constraint "FK__Inter_Car__id_ma__46E78A0C". The conflict occurred in database "Sistema", table "dbo.Inter_CargaAcademica_Materia", column 'id_materia'.
=======
ERROR - 2022-12-05 18:14:27 --> [Microsoft][ODBC Driver 17 for SQL Server][SQL Server]The DELETE statement conflicted with the REFERENCE constraint "FK__Inter_Car__id_ma__46E78A0C". The conflict occurred in database "Sistema", table "dbo.Inter_CargaAcademica_Materia", column 'id_materia'.
CRITICAL - 2022-12-05 18:14:27 --> [Microsoft][ODBC Driver 17 for SQL Server][SQL Server]The DELETE statement conflicted with the REFERENCE constraint "FK__Inter_Car__id_ma__46E78A0C". The conflict occurred in database "Sistema", table "dbo.Inter_CargaAcademica_Materia", column 'id_materia'.
>>>>>>> 03d25ea7e43827b60bc4819108d2613fe3b09a49
in SYSTEMPATH\Database\SQLSRV\Connection.php on line 467.
 1 SYSTEMPATH\Database\BaseConnection.php(666): CodeIgniter\Database\SQLSRV\Connection->execute('DELETE FROM "Sistema"."dbo"."Materia"
WHERE "id_materia" IN (\'5\')')
 2 SYSTEMPATH\Database\BaseConnection.php(593): CodeIgniter\Database\BaseConnection->simpleQuery('DELETE FROM "Sistema"."dbo"."Materia"
WHERE "id_materia" IN (\'5\')')
 3 SYSTEMPATH\Database\SQLSRV\Builder.php(552): CodeIgniter\Database\BaseConnection->query('DELETE FROM "Sistema"."dbo"."Materia"
WHERE "id_materia" IN :id_materia:', [...], false)
 4 SYSTEMPATH\Model.php(401): CodeIgniter\Database\SQLSRV\Builder->delete()
 5 SYSTEMPATH\BaseModel.php(984): CodeIgniter\Model->doDelete([...], false)
 6 APPPATH\Controllers\Materias.php(47): CodeIgniter\BaseModel->delete([...])
 7 SYSTEMPATH\CodeIgniter.php(927): App\Controllers\Materias->getdelets('5')
 8 SYSTEMPATH\CodeIgniter.php(482): CodeIgniter\CodeIgniter->runController(Object(App\Controllers\Materias))
 9 SYSTEMPATH\CodeIgniter.php(351): CodeIgniter\CodeIgniter->handleRequest(null, Object(Config\Cache), false)
10 FCPATH\index.php(67): CodeIgniter\CodeIgniter->run()
<<<<<<< HEAD
ERROR - 2022-12-05 18:15:02 --> [Microsoft][ODBC Driver 17 for SQL Server][SQL Server]The DELETE statement conflicted with the REFERENCE constraint "FK__Carga_Aca__id_em__5070F446". The conflict occurred in database "Sistema", table "dbo.Carga_Academica", column 'id_empleado_cargo'.
CRITICAL - 2022-12-05 18:15:02 --> [Microsoft][ODBC Driver 17 for SQL Server][SQL Server]The DELETE statement conflicted with the REFERENCE constraint "FK__Carga_Aca__id_em__5070F446". The conflict occurred in database "Sistema", table "dbo.Carga_Academica", column 'id_empleado_cargo'.
in SYSTEMPATH\Database\SQLSRV\Connection.php on line 467.
 1 SYSTEMPATH\Database\BaseConnection.php(666): CodeIgniter\Database\SQLSRV\Connection->execute('DELETE FROM "Sistema"."dbo"."inter_Empleado_Cargo"
WHERE "id_empleado_cargo" IN (\'6\')')
 2 SYSTEMPATH\Database\BaseConnection.php(593): CodeIgniter\Database\BaseConnection->simpleQuery('DELETE FROM "Sistema"."dbo"."inter_Empleado_Cargo"
WHERE "id_empleado_cargo" IN (\'6\')')
 3 SYSTEMPATH\Database\SQLSRV\Builder.php(552): CodeIgniter\Database\BaseConnection->query('DELETE FROM "Sistema"."dbo"."inter_Empleado_Cargo"
WHERE "id_empleado_cargo" IN :id_empleado_cargo:', [...], false)
 4 SYSTEMPATH\Model.php(401): CodeIgniter\Database\SQLSRV\Builder->delete()
 5 SYSTEMPATH\BaseModel.php(984): CodeIgniter\Model->doDelete([...], false)
 6 APPPATH\Controllers\CargoController.php(56): CodeIgniter\BaseModel->delete([...])
 7 SYSTEMPATH\CodeIgniter.php(927): App\Controllers\CargoController->getdelets('6')
 8 SYSTEMPATH\CodeIgniter.php(482): CodeIgniter\CodeIgniter->runController(Object(App\Controllers\CargoController))
 9 SYSTEMPATH\CodeIgniter.php(351): CodeIgniter\CodeIgniter->handleRequest(null, Object(Config\Cache), false)
10 FCPATH\index.php(67): CodeIgniter\CodeIgniter->run()
ERROR - 2022-12-05 18:16:34 --> [Microsoft][ODBC Driver 17 for SQL Server][SQL Server]The DELETE statement conflicted with the REFERENCE constraint "FK__inter_Emp__id_em__440B1D61". The conflict occurred in database "Sistema", table "dbo.inter_Empleado_Cargo", column 'id_empleado'.
CRITICAL - 2022-12-05 18:16:34 --> [Microsoft][ODBC Driver 17 for SQL Server][SQL Server]The DELETE statement conflicted with the REFERENCE constraint "FK__inter_Emp__id_em__440B1D61". The conflict occurred in database "Sistema", table "dbo.inter_Empleado_Cargo", column 'id_empleado'.
in SYSTEMPATH\Database\SQLSRV\Connection.php on line 467.
 1 SYSTEMPATH\Database\BaseConnection.php(666): CodeIgniter\Database\SQLSRV\Connection->execute('DELETE FROM "Sistema"."dbo"."Empleado"
WHERE "id_empleado" IN (\'10\')')
 2 SYSTEMPATH\Database\BaseConnection.php(593): CodeIgniter\Database\BaseConnection->simpleQuery('DELETE FROM "Sistema"."dbo"."Empleado"
WHERE "id_empleado" IN (\'10\')')
 3 SYSTEMPATH\Database\SQLSRV\Builder.php(552): CodeIgniter\Database\BaseConnection->query('DELETE FROM "Sistema"."dbo"."Empleado"
WHERE "id_empleado" IN :id_empleado:', [...], false)
 4 SYSTEMPATH\Model.php(401): CodeIgniter\Database\SQLSRV\Builder->delete()
 5 SYSTEMPATH\BaseModel.php(984): CodeIgniter\Model->doDelete([...], false)
 6 APPPATH\Controllers\Empleados.php(60): CodeIgniter\BaseModel->delete([...])
 7 SYSTEMPATH\CodeIgniter.php(927): App\Controllers\Empleados->getdelete('10')
 8 SYSTEMPATH\CodeIgniter.php(482): CodeIgniter\CodeIgniter->runController(Object(App\Controllers\Empleados))
 9 SYSTEMPATH\CodeIgniter.php(351): CodeIgniter\CodeIgniter->handleRequest(null, Object(Config\Cache), false)
10 FCPATH\index.php(67): CodeIgniter\CodeIgniter->run()
ERROR - 2022-12-05 18:16:39 --> [Microsoft][ODBC Driver 17 for SQL Server][SQL Server]The DELETE statement conflicted with the REFERENCE constraint "FK__Inter_Car__id_ma__46E78A0C". The conflict occurred in database "Sistema", table "dbo.Inter_CargaAcademica_Materia", column 'id_materia'.
CRITICAL - 2022-12-05 18:16:39 --> [Microsoft][ODBC Driver 17 for SQL Server][SQL Server]The DELETE statement conflicted with the REFERENCE constraint "FK__Inter_Car__id_ma__46E78A0C". The conflict occurred in database "Sistema", table "dbo.Inter_CargaAcademica_Materia", column 'id_materia'.
=======
ERROR - 2022-12-05 18:15:11 --> [Microsoft][ODBC Driver 17 for SQL Server][SQL Server]The DELETE statement conflicted with the REFERENCE constraint "FK__Inter_Car__id_ma__46E78A0C". The conflict occurred in database "Sistema", table "dbo.Inter_CargaAcademica_Materia", column 'id_materia'.
CRITICAL - 2022-12-05 18:15:11 --> [Microsoft][ODBC Driver 17 for SQL Server][SQL Server]The DELETE statement conflicted with the REFERENCE constraint "FK__Inter_Car__id_ma__46E78A0C". The conflict occurred in database "Sistema", table "dbo.Inter_CargaAcademica_Materia", column 'id_materia'.
>>>>>>> 03d25ea7e43827b60bc4819108d2613fe3b09a49
in SYSTEMPATH\Database\SQLSRV\Connection.php on line 467.
 1 SYSTEMPATH\Database\BaseConnection.php(666): CodeIgniter\Database\SQLSRV\Connection->execute('DELETE FROM "Sistema"."dbo"."Materia"
WHERE "id_materia" IN (\'5\')')
 2 SYSTEMPATH\Database\BaseConnection.php(593): CodeIgniter\Database\BaseConnection->simpleQuery('DELETE FROM "Sistema"."dbo"."Materia"
WHERE "id_materia" IN (\'5\')')
 3 SYSTEMPATH\Database\SQLSRV\Builder.php(552): CodeIgniter\Database\BaseConnection->query('DELETE FROM "Sistema"."dbo"."Materia"
WHERE "id_materia" IN :id_materia:', [...], false)
 4 SYSTEMPATH\Model.php(401): CodeIgniter\Database\SQLSRV\Builder->delete()
 5 SYSTEMPATH\BaseModel.php(984): CodeIgniter\Model->doDelete([...], false)
 6 APPPATH\Controllers\Materias.php(47): CodeIgniter\BaseModel->delete([...])
 7 SYSTEMPATH\CodeIgniter.php(927): App\Controllers\Materias->getdelets('5')
 8 SYSTEMPATH\CodeIgniter.php(482): CodeIgniter\CodeIgniter->runController(Object(App\Controllers\Materias))
 9 SYSTEMPATH\CodeIgniter.php(351): CodeIgniter\CodeIgniter->handleRequest(null, Object(Config\Cache), false)
10 FCPATH\index.php(67): CodeIgniter\CodeIgniter->run()
<<<<<<< HEAD
ERROR - 2022-12-05 18:16:48 --> [Microsoft][ODBC Driver 17 for SQL Server][SQL Server]The DELETE statement conflicted with the REFERENCE constraint "FK__Carga_Aca__id_ca__5165187F". The conflict occurred in database "Sistema", table "dbo.Carga_Academica", column 'id_carga_materia'.
CRITICAL - 2022-12-05 18:16:48 --> [Microsoft][ODBC Driver 17 for SQL Server][SQL Server]The DELETE statement conflicted with the REFERENCE constraint "FK__Carga_Aca__id_ca__5165187F". The conflict occurred in database "Sistema", table "dbo.Carga_Academica", column 'id_carga_materia'.
=======
ERROR - 2022-12-05 18:16:38 --> [Microsoft][ODBC Driver 17 for SQL Server][SQL Server]The DELETE statement conflicted with the REFERENCE constraint "FK__inter_Emp__id_em__440B1D61". The conflict occurred in database "Sistema", table "dbo.inter_Empleado_Cargo", column 'id_empleado'.
CRITICAL - 2022-12-05 18:16:38 --> [Microsoft][ODBC Driver 17 for SQL Server][SQL Server]The DELETE statement conflicted with the REFERENCE constraint "FK__inter_Emp__id_em__440B1D61". The conflict occurred in database "Sistema", table "dbo.inter_Empleado_Cargo", column 'id_empleado'.
in SYSTEMPATH\Database\SQLSRV\Connection.php on line 467.
 1 SYSTEMPATH\Database\BaseConnection.php(666): CodeIgniter\Database\SQLSRV\Connection->execute('DELETE FROM "Sistema"."dbo"."Empleado"
WHERE "id_empleado" IN (\'10\')')
 2 SYSTEMPATH\Database\BaseConnection.php(593): CodeIgniter\Database\BaseConnection->simpleQuery('DELETE FROM "Sistema"."dbo"."Empleado"
WHERE "id_empleado" IN (\'10\')')
 3 SYSTEMPATH\Database\SQLSRV\Builder.php(552): CodeIgniter\Database\BaseConnection->query('DELETE FROM "Sistema"."dbo"."Empleado"
WHERE "id_empleado" IN :id_empleado:', [...], false)
 4 SYSTEMPATH\Model.php(401): CodeIgniter\Database\SQLSRV\Builder->delete()
 5 SYSTEMPATH\BaseModel.php(984): CodeIgniter\Model->doDelete([...], false)
 6 APPPATH\Controllers\Empleados.php(60): CodeIgniter\BaseModel->delete([...])
 7 SYSTEMPATH\CodeIgniter.php(927): App\Controllers\Empleados->getdelete('10')
 8 SYSTEMPATH\CodeIgniter.php(482): CodeIgniter\CodeIgniter->runController(Object(App\Controllers\Empleados))
 9 SYSTEMPATH\CodeIgniter.php(351): CodeIgniter\CodeIgniter->handleRequest(null, Object(Config\Cache), false)
10 FCPATH\index.php(67): CodeIgniter\CodeIgniter->run()
ERROR - 2022-12-05 18:16:45 --> [Microsoft][ODBC Driver 17 for SQL Server][SQL Server]The DELETE statement conflicted with the REFERENCE constraint "FK__inter_Emp__id_em__440B1D61". The conflict occurred in database "Sistema", table "dbo.inter_Empleado_Cargo", column 'id_empleado'.
CRITICAL - 2022-12-05 18:16:45 --> [Microsoft][ODBC Driver 17 for SQL Server][SQL Server]The DELETE statement conflicted with the REFERENCE constraint "FK__inter_Emp__id_em__440B1D61". The conflict occurred in database "Sistema", table "dbo.inter_Empleado_Cargo", column 'id_empleado'.
in SYSTEMPATH\Database\SQLSRV\Connection.php on line 467.
 1 SYSTEMPATH\Database\BaseConnection.php(666): CodeIgniter\Database\SQLSRV\Connection->execute('DELETE FROM "Sistema"."dbo"."Empleado"
WHERE "id_empleado" IN (\'10\')')
 2 SYSTEMPATH\Database\BaseConnection.php(593): CodeIgniter\Database\BaseConnection->simpleQuery('DELETE FROM "Sistema"."dbo"."Empleado"
WHERE "id_empleado" IN (\'10\')')
 3 SYSTEMPATH\Database\SQLSRV\Builder.php(552): CodeIgniter\Database\BaseConnection->query('DELETE FROM "Sistema"."dbo"."Empleado"
WHERE "id_empleado" IN :id_empleado:', [...], false)
 4 SYSTEMPATH\Model.php(401): CodeIgniter\Database\SQLSRV\Builder->delete()
 5 SYSTEMPATH\BaseModel.php(984): CodeIgniter\Model->doDelete([...], false)
 6 APPPATH\Controllers\Empleados.php(60): CodeIgniter\BaseModel->delete([...])
 7 SYSTEMPATH\CodeIgniter.php(927): App\Controllers\Empleados->getdelete('10')
 8 SYSTEMPATH\CodeIgniter.php(482): CodeIgniter\CodeIgniter->runController(Object(App\Controllers\Empleados))
 9 SYSTEMPATH\CodeIgniter.php(351): CodeIgniter\CodeIgniter->handleRequest(null, Object(Config\Cache), false)
10 FCPATH\index.php(67): CodeIgniter\CodeIgniter->run()
ERROR - 2022-12-05 18:16:55 --> [Microsoft][ODBC Driver 17 for SQL Server][SQL Server]The DELETE statement conflicted with the REFERENCE constraint "FK__Carga_Aca__id_ca__5165187F". The conflict occurred in database "Sistema", table "dbo.Carga_Academica", column 'id_carga_materia'.
CRITICAL - 2022-12-05 18:16:55 --> [Microsoft][ODBC Driver 17 for SQL Server][SQL Server]The DELETE statement conflicted with the REFERENCE constraint "FK__Carga_Aca__id_ca__5165187F". The conflict occurred in database "Sistema", table "dbo.Carga_Academica", column 'id_carga_materia'.
>>>>>>> 03d25ea7e43827b60bc4819108d2613fe3b09a49
in SYSTEMPATH\Database\SQLSRV\Connection.php on line 467.
 1 SYSTEMPATH\Database\BaseConnection.php(666): CodeIgniter\Database\SQLSRV\Connection->execute('DELETE FROM "Sistema"."dbo"."Inter_CargaAcademica_Materia"
WHERE "id_carga_materia" IN (\'16\')')
 2 SYSTEMPATH\Database\BaseConnection.php(593): CodeIgniter\Database\BaseConnection->simpleQuery('DELETE FROM "Sistema"."dbo"."Inter_CargaAcademica_Materia"
WHERE "id_carga_materia" IN (\'16\')')
 3 SYSTEMPATH\Database\SQLSRV\Builder.php(552): CodeIgniter\Database\BaseConnection->query('DELETE FROM "Sistema"."dbo"."Inter_CargaAcademica_Materia"
WHERE "id_carga_materia" IN :id_carga_materia:', [...], false)
 4 SYSTEMPATH\Model.php(401): CodeIgniter\Database\SQLSRV\Builder->delete()
 5 SYSTEMPATH\BaseModel.php(984): CodeIgniter\Model->doDelete([...], false)
 6 APPPATH\Controllers\Materiasasignacion.php(58): CodeIgniter\BaseModel->delete([...])
 7 SYSTEMPATH\CodeIgniter.php(927): App\Controllers\Materiasasignacion->getdelets('16')
 8 SYSTEMPATH\CodeIgniter.php(482): CodeIgniter\CodeIgniter->runController(Object(App\Controllers\Materiasasignacion))
 9 SYSTEMPATH\CodeIgniter.php(351): CodeIgniter\CodeIgniter->handleRequest(null, Object(Config\Cache), false)
10 FCPATH\index.php(67): CodeIgniter\CodeIgniter->run()
<<<<<<< HEAD
ERROR - 2022-12-05 18:16:53 --> [Microsoft][ODBC Driver 17 for SQL Server][SQL Server]The DELETE statement conflicted with the REFERENCE constraint "FK__Inter_Car__id_ca__45F365D3". The conflict occurred in database "Sistema", table "dbo.Inter_CargaAcademica_Materia", column 'id_carrera'.
CRITICAL - 2022-12-05 18:16:53 --> [Microsoft][ODBC Driver 17 for SQL Server][SQL Server]The DELETE statement conflicted with the REFERENCE constraint "FK__Inter_Car__id_ca__45F365D3". The conflict occurred in database "Sistema", table "dbo.Inter_CargaAcademica_Materia", column 'id_carrera'.
in SYSTEMPATH\Database\SQLSRV\Connection.php on line 467.
 1 SYSTEMPATH\Database\BaseConnection.php(666): CodeIgniter\Database\SQLSRV\Connection->execute('DELETE FROM "Sistema"."dbo"."carrera"
WHERE "id_Carrera" IN (\'19\')')
 2 SYSTEMPATH\Database\BaseConnection.php(593): CodeIgniter\Database\BaseConnection->simpleQuery('DELETE FROM "Sistema"."dbo"."carrera"
WHERE "id_Carrera" IN (\'19\')')
=======
ERROR - 2022-12-05 18:17:01 --> [Microsoft][ODBC Driver 17 for SQL Server][SQL Server]The DELETE statement conflicted with the REFERENCE constraint "FK__Inter_Car__id_ca__45F365D3". The conflict occurred in database "Sistema", table "dbo.Inter_CargaAcademica_Materia", column 'id_carrera'.
CRITICAL - 2022-12-05 18:17:01 --> [Microsoft][ODBC Driver 17 for SQL Server][SQL Server]The DELETE statement conflicted with the REFERENCE constraint "FK__Inter_Car__id_ca__45F365D3". The conflict occurred in database "Sistema", table "dbo.Inter_CargaAcademica_Materia", column 'id_carrera'.
in SYSTEMPATH\Database\SQLSRV\Connection.php on line 467.
 1 SYSTEMPATH\Database\BaseConnection.php(666): CodeIgniter\Database\SQLSRV\Connection->execute('DELETE FROM "Sistema"."dbo"."carrera"
WHERE "id_Carrera" IN (\'2\')')
 2 SYSTEMPATH\Database\BaseConnection.php(593): CodeIgniter\Database\BaseConnection->simpleQuery('DELETE FROM "Sistema"."dbo"."carrera"
WHERE "id_Carrera" IN (\'2\')')
>>>>>>> 03d25ea7e43827b60bc4819108d2613fe3b09a49
 3 SYSTEMPATH\Database\SQLSRV\Builder.php(552): CodeIgniter\Database\BaseConnection->query('DELETE FROM "Sistema"."dbo"."carrera"
WHERE "id_Carrera" IN :id_Carrera:', [...], false)
 4 SYSTEMPATH\Model.php(401): CodeIgniter\Database\SQLSRV\Builder->delete()
 5 SYSTEMPATH\BaseModel.php(984): CodeIgniter\Model->doDelete([...], false)
 6 APPPATH\Controllers\CarreraController.php(55): CodeIgniter\BaseModel->delete([...])
<<<<<<< HEAD
 7 SYSTEMPATH\CodeIgniter.php(927): App\Controllers\CarreraController->getdelets('19')
=======
 7 SYSTEMPATH\CodeIgniter.php(927): App\Controllers\CarreraController->getdelets('2')
 8 SYSTEMPATH\CodeIgniter.php(482): CodeIgniter\CodeIgniter->runController(Object(App\Controllers\CarreraController))
 9 SYSTEMPATH\CodeIgniter.php(351): CodeIgniter\CodeIgniter->handleRequest(null, Object(Config\Cache), false)
10 FCPATH\index.php(67): CodeIgniter\CodeIgniter->run()
ERROR - 2022-12-05 18:17:06 --> [Microsoft][ODBC Driver 17 for SQL Server][SQL Server]The DELETE statement conflicted with the REFERENCE constraint "FK__Carga_Aca__id_em__5070F446". The conflict occurred in database "Sistema", table "dbo.Carga_Academica", column 'id_empleado_cargo'.
CRITICAL - 2022-12-05 18:17:06 --> [Microsoft][ODBC Driver 17 for SQL Server][SQL Server]The DELETE statement conflicted with the REFERENCE constraint "FK__Carga_Aca__id_em__5070F446". The conflict occurred in database "Sistema", table "dbo.Carga_Academica", column 'id_empleado_cargo'.
in SYSTEMPATH\Database\SQLSRV\Connection.php on line 467.
 1 SYSTEMPATH\Database\BaseConnection.php(666): CodeIgniter\Database\SQLSRV\Connection->execute('DELETE FROM "Sistema"."dbo"."inter_Empleado_Cargo"
WHERE "id_empleado_cargo" IN (\'6\')')
 2 SYSTEMPATH\Database\BaseConnection.php(593): CodeIgniter\Database\BaseConnection->simpleQuery('DELETE FROM "Sistema"."dbo"."inter_Empleado_Cargo"
WHERE "id_empleado_cargo" IN (\'6\')')
 3 SYSTEMPATH\Database\SQLSRV\Builder.php(552): CodeIgniter\Database\BaseConnection->query('DELETE FROM "Sistema"."dbo"."inter_Empleado_Cargo"
WHERE "id_empleado_cargo" IN :id_empleado_cargo:', [...], false)
 4 SYSTEMPATH\Model.php(401): CodeIgniter\Database\SQLSRV\Builder->delete()
 5 SYSTEMPATH\BaseModel.php(984): CodeIgniter\Model->doDelete([...], false)
 6 APPPATH\Controllers\CargoController.php(56): CodeIgniter\BaseModel->delete([...])
 7 SYSTEMPATH\CodeIgniter.php(927): App\Controllers\CargoController->getdelets('6')
 8 SYSTEMPATH\CodeIgniter.php(482): CodeIgniter\CodeIgniter->runController(Object(App\Controllers\CargoController))
 9 SYSTEMPATH\CodeIgniter.php(351): CodeIgniter\CodeIgniter->handleRequest(null, Object(Config\Cache), false)
10 FCPATH\index.php(67): CodeIgniter\CodeIgniter->run()
ERROR - 2022-12-05 18:20:25 --> [Microsoft][ODBC Driver 17 for SQL Server][SQL Server]The DELETE statement conflicted with the REFERENCE constraint "FK__inter_Emp__id_em__440B1D61". The conflict occurred in database "Sistema", table "dbo.inter_Empleado_Cargo", column 'id_empleado'.
CRITICAL - 2022-12-05 18:20:25 --> [Microsoft][ODBC Driver 17 for SQL Server][SQL Server]The DELETE statement conflicted with the REFERENCE constraint "FK__inter_Emp__id_em__440B1D61". The conflict occurred in database "Sistema", table "dbo.inter_Empleado_Cargo", column 'id_empleado'.
in SYSTEMPATH\Database\SQLSRV\Connection.php on line 467.
 1 SYSTEMPATH\Database\BaseConnection.php(666): CodeIgniter\Database\SQLSRV\Connection->execute('DELETE FROM "Sistema"."dbo"."Empleado"
WHERE "id_empleado" IN (\'10\')')
 2 SYSTEMPATH\Database\BaseConnection.php(593): CodeIgniter\Database\BaseConnection->simpleQuery('DELETE FROM "Sistema"."dbo"."Empleado"
WHERE "id_empleado" IN (\'10\')')
 3 SYSTEMPATH\Database\SQLSRV\Builder.php(552): CodeIgniter\Database\BaseConnection->query('DELETE FROM "Sistema"."dbo"."Empleado"
WHERE "id_empleado" IN :id_empleado:', [...], false)
 4 SYSTEMPATH\Model.php(401): CodeIgniter\Database\SQLSRV\Builder->delete()
 5 SYSTEMPATH\BaseModel.php(984): CodeIgniter\Model->doDelete([...], false)
 6 APPPATH\Controllers\Empleados.php(60): CodeIgniter\BaseModel->delete([...])
 7 SYSTEMPATH\CodeIgniter.php(927): App\Controllers\Empleados->getdelete('10')
 8 SYSTEMPATH\CodeIgniter.php(482): CodeIgniter\CodeIgniter->runController(Object(App\Controllers\Empleados))
 9 SYSTEMPATH\CodeIgniter.php(351): CodeIgniter\CodeIgniter->handleRequest(null, Object(Config\Cache), false)
10 FCPATH\index.php(67): CodeIgniter\CodeIgniter->run()
ERROR - 2022-12-05 18:21:07 --> [Microsoft][ODBC Driver 17 for SQL Server][SQL Server]The DELETE statement conflicted with the REFERENCE constraint "FK__Inter_Car__id_ca__45F365D3". The conflict occurred in database "Sistema", table "dbo.Inter_CargaAcademica_Materia", column 'id_carrera'.
CRITICAL - 2022-12-05 18:21:07 --> [Microsoft][ODBC Driver 17 for SQL Server][SQL Server]The DELETE statement conflicted with the REFERENCE constraint "FK__Inter_Car__id_ca__45F365D3". The conflict occurred in database "Sistema", table "dbo.Inter_CargaAcademica_Materia", column 'id_carrera'.
in SYSTEMPATH\Database\SQLSRV\Connection.php on line 467.
 1 SYSTEMPATH\Database\BaseConnection.php(666): CodeIgniter\Database\SQLSRV\Connection->execute('DELETE FROM "Sistema"."dbo"."carrera"
WHERE "id_Carrera" IN (\'1\')')
 2 SYSTEMPATH\Database\BaseConnection.php(593): CodeIgniter\Database\BaseConnection->simpleQuery('DELETE FROM "Sistema"."dbo"."carrera"
WHERE "id_Carrera" IN (\'1\')')
 3 SYSTEMPATH\Database\SQLSRV\Builder.php(552): CodeIgniter\Database\BaseConnection->query('DELETE FROM "Sistema"."dbo"."carrera"
WHERE "id_Carrera" IN :id_Carrera:', [...], false)
 4 SYSTEMPATH\Model.php(401): CodeIgniter\Database\SQLSRV\Builder->delete()
 5 SYSTEMPATH\BaseModel.php(984): CodeIgniter\Model->doDelete([...], false)
 6 APPPATH\Controllers\CarreraController.php(55): CodeIgniter\BaseModel->delete([...])
 7 SYSTEMPATH\CodeIgniter.php(927): App\Controllers\CarreraController->getdelets('1')
 8 SYSTEMPATH\CodeIgniter.php(482): CodeIgniter\CodeIgniter->runController(Object(App\Controllers\CarreraController))
 9 SYSTEMPATH\CodeIgniter.php(351): CodeIgniter\CodeIgniter->handleRequest(null, Object(Config\Cache), false)
10 FCPATH\index.php(67): CodeIgniter\CodeIgniter->run()
ERROR - 2022-12-05 18:22:02 --> [Microsoft][ODBC Driver 17 for SQL Server][SQL Server]The DELETE statement conflicted with the REFERENCE constraint "FK__inter_Emp__id_em__440B1D61". The conflict occurred in database "Sistema", table "dbo.inter_Empleado_Cargo", column 'id_empleado'.
CRITICAL - 2022-12-05 18:22:02 --> [Microsoft][ODBC Driver 17 for SQL Server][SQL Server]The DELETE statement conflicted with the REFERENCE constraint "FK__inter_Emp__id_em__440B1D61". The conflict occurred in database "Sistema", table "dbo.inter_Empleado_Cargo", column 'id_empleado'.
in SYSTEMPATH\Database\SQLSRV\Connection.php on line 467.
 1 SYSTEMPATH\Database\BaseConnection.php(666): CodeIgniter\Database\SQLSRV\Connection->execute('DELETE FROM "Sistema"."dbo"."Empleado"
WHERE "id_empleado" IN (\'10\')')
 2 SYSTEMPATH\Database\BaseConnection.php(593): CodeIgniter\Database\BaseConnection->simpleQuery('DELETE FROM "Sistema"."dbo"."Empleado"
WHERE "id_empleado" IN (\'10\')')
 3 SYSTEMPATH\Database\SQLSRV\Builder.php(552): CodeIgniter\Database\BaseConnection->query('DELETE FROM "Sistema"."dbo"."Empleado"
WHERE "id_empleado" IN :id_empleado:', [...], false)
 4 SYSTEMPATH\Model.php(401): CodeIgniter\Database\SQLSRV\Builder->delete()
 5 SYSTEMPATH\BaseModel.php(984): CodeIgniter\Model->doDelete([...], false)
 6 APPPATH\Controllers\Empleados.php(60): CodeIgniter\BaseModel->delete([...])
 7 SYSTEMPATH\CodeIgniter.php(927): App\Controllers\Empleados->getdelete('10')
 8 SYSTEMPATH\CodeIgniter.php(482): CodeIgniter\CodeIgniter->runController(Object(App\Controllers\Empleados))
 9 SYSTEMPATH\CodeIgniter.php(351): CodeIgniter\CodeIgniter->handleRequest(null, Object(Config\Cache), false)
10 FCPATH\index.php(67): CodeIgniter\CodeIgniter->run()
ERROR - 2022-12-05 18:23:20 --> [Microsoft][ODBC Driver 17 for SQL Server][SQL Server]The DELETE statement conflicted with the REFERENCE constraint "FK__inter_Emp__id_em__440B1D61". The conflict occurred in database "Sistema", table "dbo.inter_Empleado_Cargo", column 'id_empleado'.
CRITICAL - 2022-12-05 18:23:20 --> [Microsoft][ODBC Driver 17 for SQL Server][SQL Server]The DELETE statement conflicted with the REFERENCE constraint "FK__inter_Emp__id_em__440B1D61". The conflict occurred in database "Sistema", table "dbo.inter_Empleado_Cargo", column 'id_empleado'.
in SYSTEMPATH\Database\SQLSRV\Connection.php on line 467.
 1 SYSTEMPATH\Database\BaseConnection.php(666): CodeIgniter\Database\SQLSRV\Connection->execute('DELETE FROM "Sistema"."dbo"."Empleado"
WHERE "id_empleado" IN (\'10\')')
 2 SYSTEMPATH\Database\BaseConnection.php(593): CodeIgniter\Database\BaseConnection->simpleQuery('DELETE FROM "Sistema"."dbo"."Empleado"
WHERE "id_empleado" IN (\'10\')')
 3 SYSTEMPATH\Database\SQLSRV\Builder.php(552): CodeIgniter\Database\BaseConnection->query('DELETE FROM "Sistema"."dbo"."Empleado"
WHERE "id_empleado" IN :id_empleado:', [...], false)
 4 SYSTEMPATH\Model.php(401): CodeIgniter\Database\SQLSRV\Builder->delete()
 5 SYSTEMPATH\BaseModel.php(984): CodeIgniter\Model->doDelete([...], false)
 6 APPPATH\Controllers\Empleados.php(60): CodeIgniter\BaseModel->delete([...])
 7 SYSTEMPATH\CodeIgniter.php(927): App\Controllers\Empleados->getdelete('10')
 8 SYSTEMPATH\CodeIgniter.php(482): CodeIgniter\CodeIgniter->runController(Object(App\Controllers\Empleados))
 9 SYSTEMPATH\CodeIgniter.php(351): CodeIgniter\CodeIgniter->handleRequest(null, Object(Config\Cache), false)
10 FCPATH\index.php(67): CodeIgniter\CodeIgniter->run()
ERROR - 2022-12-05 18:26:23 --> [Microsoft][ODBC Driver 17 for SQL Server][SQL Server]The DELETE statement conflicted with the REFERENCE constraint "FK__inter_Emp__id_em__440B1D61". The conflict occurred in database "Sistema", table "dbo.inter_Empleado_Cargo", column 'id_empleado'.
CRITICAL - 2022-12-05 18:26:23 --> [Microsoft][ODBC Driver 17 for SQL Server][SQL Server]The DELETE statement conflicted with the REFERENCE constraint "FK__inter_Emp__id_em__440B1D61". The conflict occurred in database "Sistema", table "dbo.inter_Empleado_Cargo", column 'id_empleado'.
in SYSTEMPATH\Database\SQLSRV\Connection.php on line 467.
 1 SYSTEMPATH\Database\BaseConnection.php(666): CodeIgniter\Database\SQLSRV\Connection->execute('DELETE FROM "Sistema"."dbo"."Empleado"
WHERE "id_empleado" IN (\'10\')')
 2 SYSTEMPATH\Database\BaseConnection.php(593): CodeIgniter\Database\BaseConnection->simpleQuery('DELETE FROM "Sistema"."dbo"."Empleado"
WHERE "id_empleado" IN (\'10\')')
 3 SYSTEMPATH\Database\SQLSRV\Builder.php(552): CodeIgniter\Database\BaseConnection->query('DELETE FROM "Sistema"."dbo"."Empleado"
WHERE "id_empleado" IN :id_empleado:', [...], false)
 4 SYSTEMPATH\Model.php(401): CodeIgniter\Database\SQLSRV\Builder->delete()
 5 SYSTEMPATH\BaseModel.php(984): CodeIgniter\Model->doDelete([...], false)
 6 APPPATH\Controllers\Empleados.php(60): CodeIgniter\BaseModel->delete([...])
 7 SYSTEMPATH\CodeIgniter.php(927): App\Controllers\Empleados->getdelete('10')
 8 SYSTEMPATH\CodeIgniter.php(482): CodeIgniter\CodeIgniter->runController(Object(App\Controllers\Empleados))
 9 SYSTEMPATH\CodeIgniter.php(351): CodeIgniter\CodeIgniter->handleRequest(null, Object(Config\Cache), false)
10 FCPATH\index.php(67): CodeIgniter\CodeIgniter->run()
ERROR - 2022-12-05 18:27:29 --> [Microsoft][ODBC Driver 17 for SQL Server][SQL Server]The DELETE statement conflicted with the REFERENCE constraint "FK__Inter_Car__id_ca__45F365D3". The conflict occurred in database "Sistema", table "dbo.Inter_CargaAcademica_Materia", column 'id_carrera'.
CRITICAL - 2022-12-05 18:27:29 --> [Microsoft][ODBC Driver 17 for SQL Server][SQL Server]The DELETE statement conflicted with the REFERENCE constraint "FK__Inter_Car__id_ca__45F365D3". The conflict occurred in database "Sistema", table "dbo.Inter_CargaAcademica_Materia", column 'id_carrera'.
in SYSTEMPATH\Database\SQLSRV\Connection.php on line 467.
 1 SYSTEMPATH\Database\BaseConnection.php(666): CodeIgniter\Database\SQLSRV\Connection->execute('DELETE FROM "Sistema"."dbo"."carrera"
WHERE "id_Carrera" IN (\'2\')')
 2 SYSTEMPATH\Database\BaseConnection.php(593): CodeIgniter\Database\BaseConnection->simpleQuery('DELETE FROM "Sistema"."dbo"."carrera"
WHERE "id_Carrera" IN (\'2\')')
 3 SYSTEMPATH\Database\SQLSRV\Builder.php(552): CodeIgniter\Database\BaseConnection->query('DELETE FROM "Sistema"."dbo"."carrera"
WHERE "id_Carrera" IN :id_Carrera:', [...], false)
 4 SYSTEMPATH\Model.php(401): CodeIgniter\Database\SQLSRV\Builder->delete()
 5 SYSTEMPATH\BaseModel.php(984): CodeIgniter\Model->doDelete([...], false)
 6 APPPATH\Controllers\CarreraController.php(55): CodeIgniter\BaseModel->delete([...])
 7 SYSTEMPATH\CodeIgniter.php(927): App\Controllers\CarreraController->getdelets('2')
>>>>>>> 03d25ea7e43827b60bc4819108d2613fe3b09a49
 8 SYSTEMPATH\CodeIgniter.php(482): CodeIgniter\CodeIgniter->runController(Object(App\Controllers\CarreraController))
 9 SYSTEMPATH\CodeIgniter.php(351): CodeIgniter\CodeIgniter->handleRequest(null, Object(Config\Cache), false)
10 FCPATH\index.php(67): CodeIgniter\CodeIgniter->run()
